[2021-08-31 22:04:36.681] [exthost] [info] extension host started
[2021-08-31 22:04:36.681] [exthost] [info] Skipping acquiring lock for c:\Users\maxo2\Documents\VSC-PROFILES\python\User\workspaceStorage\a96667b42de1baeee25b892aa4889c57.
[2021-08-31 22:04:36.721] [exthost] [info] ExtensionService#_doActivateExtension vscode.microsoft-authentication {"startup":false,"extensionId":{"value":"vscode.microsoft-authentication","_lower":"vscode.microsoft-authentication"},"activationEvent":"onAuthenticationRequest:microsoft"}
[2021-08-31 22:04:36.721] [exthost] [info] ExtensionService#loadCommonJSModule file:///c:/Users/maxo2/AppData/Local/Programs/Microsoft VS Code/resources/app/extensions/microsoft-authentication/dist/extension.js
[2021-08-31 22:04:36.738] [exthost] [info] ExtensionService#_doActivateExtension vscode.debug-auto-launch {"startup":true,"extensionId":{"value":"vscode.debug-auto-launch","_lower":"vscode.debug-auto-launch"},"activationEvent":"*"}
[2021-08-31 22:04:36.738] [exthost] [info] ExtensionService#loadCommonJSModule file:///c:/Users/maxo2/AppData/Local/Programs/Microsoft VS Code/resources/app/extensions/debug-auto-launch/dist/extension
[2021-08-31 22:04:36.745] [exthost] [info] ExtensionService#_doActivateExtension vscode.git {"startup":true,"extensionId":{"value":"vscode.github","_lower":"vscode.github"},"activationEvent":"*"}
[2021-08-31 22:04:36.745] [exthost] [info] ExtensionService#loadCommonJSModule file:///c:/Users/maxo2/AppData/Local/Programs/Microsoft VS Code/resources/app/extensions/git/dist/main
[2021-08-31 22:04:36.763] [exthost] [info] ExtensionService#_doActivateExtension vscode.npm {"startup":true,"extensionId":{"value":"vscode.npm","_lower":"vscode.npm"},"activationEvent":"workspaceContains:package.json"}
[2021-08-31 22:04:36.764] [exthost] [info] ExtensionService#loadCommonJSModule file:///c:/Users/maxo2/AppData/Local/Programs/Microsoft VS Code/resources/app/extensions/npm/dist/npmMain
[2021-08-31 22:04:36.816] [exthost] [info] ExtensionService#_doActivateExtension ms-vscode.js-debug {"startup":false,"extensionId":{"value":"ms-vscode.js-debug","_lower":"ms-vscode.js-debug"},"activationEvent":"onCommand:extension.js-debug.clearAutoAttachVariables"}
[2021-08-31 22:04:36.816] [exthost] [info] ExtensionService#loadCommonJSModule file:///c:/Users/maxo2/AppData/Local/Programs/Microsoft VS Code/resources/app/extensions/ms-vscode.js-debug/src/extension.js
[2021-08-31 22:04:36.930] [exthost] [info] ExtensionService#_doActivateExtension vscode.github {"startup":true,"extensionId":{"value":"vscode.github","_lower":"vscode.github"},"activationEvent":"*"}
[2021-08-31 22:04:36.930] [exthost] [info] ExtensionService#loadCommonJSModule file:///c:/Users/maxo2/AppData/Local/Programs/Microsoft VS Code/resources/app/extensions/github/dist/extension.js
[2021-08-31 22:04:36.940] [exthost] [info] ExtensionService#_doActivateExtension vscode.github-authentication {"startup":false,"extensionId":{"value":"vscode.github-authentication","_lower":"vscode.github-authentication"},"activationEvent":"onAuthenticationRequest:github"}
[2021-08-31 22:04:36.940] [exthost] [info] ExtensionService#loadCommonJSModule file:///c:/Users/maxo2/AppData/Local/Programs/Microsoft VS Code/resources/app/extensions/github-authentication/dist/extension.js
[2021-08-31 22:04:37.167] [exthost] [info] eager extensions activated
[2021-08-31 22:04:37.170] [exthost] [info] ExtensionService#_doActivateExtension vscode.emmet {"startup":false,"extensionId":{"value":"vscode.emmet","_lower":"vscode.emmet"},"activationEvent":"onStartupFinished"}
[2021-08-31 22:04:37.170] [exthost] [info] ExtensionService#loadCommonJSModule file:///c:/Users/maxo2/AppData/Local/Programs/Microsoft VS Code/resources/app/extensions/emmet/dist/node/emmetNodeMain
[2021-08-31 22:04:37.176] [exthost] [info] ExtensionService#_doActivateExtension vscode.merge-conflict {"startup":false,"extensionId":{"value":"vscode.merge-conflict","_lower":"vscode.merge-conflict"},"activationEvent":"onStartupFinished"}
[2021-08-31 22:04:37.176] [exthost] [info] ExtensionService#loadCommonJSModule file:///c:/Users/maxo2/AppData/Local/Programs/Microsoft VS Code/resources/app/extensions/merge-conflict/dist/mergeConflictMain
[2021-08-31 22:04:37.178] [exthost] [info] ExtensionService#_doActivateExtension ms-vscode-remote.remote-wsl-recommender {"startup":false,"extensionId":{"value":"ms-vscode-remote.remote-wsl-recommender","_lower":"ms-vscode-remote.remote-wsl-recommender"},"activationEvent":"onStartupFinished"}
[2021-08-31 22:04:37.178] [exthost] [info] ExtensionService#loadCommonJSModule file:///c:/Users/maxo2/AppData/Local/Programs/Microsoft VS Code/resources/app/extensions/ms-vscode-remote.remote-wsl-recommender/dist/extension.js
[2021-08-31 22:04:50.216] [exthost] [info] ExtensionService#_doActivateExtension vscode.configuration-editing {"startup":false,"extensionId":{"value":"vscode.configuration-editing","_lower":"vscode.configuration-editing"},"activationEvent":"onLanguage:jsonc"}
[2021-08-31 22:04:50.216] [exthost] [info] ExtensionService#loadCommonJSModule file:///c:/Users/maxo2/AppData/Local/Programs/Microsoft VS Code/resources/app/extensions/configuration-editing/dist/configurationEditingMain
[2021-08-31 22:04:50.226] [exthost] [info] ExtensionService#_doActivateExtension vscode.json-language-features {"startup":false,"extensionId":{"value":"vscode.json-language-features","_lower":"vscode.json-language-features"},"activationEvent":"onLanguage:jsonc"}
[2021-08-31 22:04:50.226] [exthost] [info] ExtensionService#loadCommonJSModule file:///c:/Users/maxo2/AppData/Local/Programs/Microsoft VS Code/resources/app/extensions/json-language-features/client/dist/node/jsonClientMain
[2021-08-31 22:04:50.286] [exthost] [info] ExtensionService#_doActivateExtension vscode.typescript-language-features {"startup":false,"extensionId":{"value":"vscode.typescript-language-features","_lower":"vscode.typescript-language-features"},"activationEvent":"onLanguage:jsonc"}
[2021-08-31 22:04:50.286] [exthost] [info] ExtensionService#loadCommonJSModule file:///c:/Users/maxo2/AppData/Local/Programs/Microsoft VS Code/resources/app/extensions/typescript-language-features/dist/extension
[2021-08-31 22:05:42.853] [exthost] [info] ExtensionService#_doActivateExtension vscode.extension-editing {"startup":false,"extensionId":{"value":"vscode.extension-editing","_lower":"vscode.extension-editing"},"activationEvent":"onLanguage:json"}
[2021-08-31 22:05:42.853] [exthost] [info] ExtensionService#loadCommonJSModule file:///c:/Users/maxo2/AppData/Local/Programs/Microsoft VS Code/resources/app/extensions/extension-editing/dist/extensionEditingMain
[2021-08-31 22:05:44.333] [exthost] [info] ExtensionService#_doActivateExtension PKief.material-icon-theme {"startup":false,"extensionId":{"value":"PKief.material-icon-theme","_lower":"pkief.material-icon-theme"},"activationEvent":"*"}
[2021-08-31 22:05:44.333] [exthost] [info] ExtensionService#loadCommonJSModule file:///c:/Users/maxo2/Documents/VSC-PROFILES/python/pkief.material-icon-theme-4.10.0/dist/extension
[2021-08-31 22:06:04.429] [exthost] [info] ExtensionService#_doActivateExtension vscodevim.vim {"startup":false,"extensionId":{"value":"vscodevim.vim","_lower":"vscodevim.vim"},"activationEvent":"*"}
[2021-08-31 22:06:04.429] [exthost] [info] ExtensionService#loadCommonJSModule file:///c:/Users/maxo2/Documents/VSC-PROFILES/python/vscodevim.vim-1.21.7/out/extension
[2021-08-31 22:07:15.931] [exthost] [info] ExtensionService#_doActivateExtension TabNine.tabnine-vscode {"startup":false,"extensionId":{"value":"TabNine.tabnine-vscode","_lower":"tabnine.tabnine-vscode"},"activationEvent":"*"}
[2021-08-31 22:07:15.931] [exthost] [info] ExtensionService#loadCommonJSModule file:///c:/Users/maxo2/Documents/VSC-PROFILES/python/tabnine.tabnine-vscode-3.4.25/out/extension
[2021-08-31 22:07:51.750] [exthost] [info] extension host terminating: renderer closed the socket
[2021-08-31 22:07:52.016] [exthost] [error] TypeError: Converting circular structure to JSON
    --> starting at object with constructor 't'
    |     property '_readableState' -> object with constructor 'x'
    |     property 'pipes' -> object with constructor 'Array'
    |     index 0 -> object with constructor 't.ConsoleForElectron'
    --- property 'parent' closes the circle
    at JSON.stringify (<anonymous>)
    at c:\Users\maxo2\Documents\VSC-PROFILES\python\vscodevim.vim-1.21.7\src\register\register.ts:357:16
    at runMicrotasks (<anonymous>)
    at process.async (internal/process/task_queues.js:93:5)
    at Object.e.deactivate (c:\Users\maxo2\Documents\VSC-PROFILES\python\vscodevim.vim-1.21.7\extension.ts:36:8)
    at async Promise.all (index 16)
    at v.deactivateAll (c:\Users\maxo2\AppData\Local\Programs\Microsoft VS Code\resources\app\out\vs\workbench\services\extensions\node\extensionHostProcess.js:90:10026)
[2021-08-31 22:07:52.762] [exthost] [info] exiting with code 0
