[2021-08-31 22:04:36.938] [sharedprocess] [info] WSL is not installed, so could not detect WSL profiles
[2021-08-31 22:04:38.678] [sharedprocess] [info] WSL is not installed, so could not detect WSL profiles
[2021-08-31 22:04:46.641] [sharedprocess] [info] [logs cleanup]: Starting to clean up old logs.
[2021-08-31 22:05:06.632] [sharedprocess] [info] [code cache cleanup]: Starting to clean up old code cache folders.
[2021-08-31 22:05:06.632] [sharedprocess] [info] [storage cleanup]: Starting to clean up storage folders.
[2021-08-31 22:05:06.633] [sharedprocess] [info] [storage cleanup]: Deleting storage folder 1630463494110.
[2021-08-31 22:05:16.639] [sharedprocess] [info] [language pack cache cleanup]: Starting to clean up unused language packs.
[2021-08-31 22:05:16.644] [sharedprocess] [info] [language pack cache cleanup]: Skipping folder 7450e74c1d98800c7de6b9750cf2e1ce.es. Language pack still in use.
[2021-08-31 22:05:42.426] [sharedprocess] [info] Installing extension: pkief.material-icon-theme
[2021-08-31 22:05:43.454] [sharedprocess] [info] Downloaded extension: pkief.material-icon-theme c:\Users\maxo2\Documents\VSC-PROFILES\python\CachedExtensionVSIXs\pkief.material-icon-theme-4.10.0
[2021-08-31 22:05:44.148] [sharedprocess] [info] Extracted extension to C:\Users\maxo2\Documents\VSC-PROFILES\python\.05661aab-c763-4597-b62a-8a5c9fae055c: pkief.material-icon-theme
[2021-08-31 22:05:44.157] [sharedprocess] [info] Renamed to C:\Users\maxo2\Documents\VSC-PROFILES\python\pkief.material-icon-theme-4.10.0
[2021-08-31 22:05:44.162] [sharedprocess] [info] Extracting completed. pkief.material-icon-theme
[2021-08-31 22:05:44.165] [sharedprocess] [info] Extension installed successfully: pkief.material-icon-theme
[2021-08-31 22:06:02.981] [sharedprocess] [info] Installing extension: vscodevim.vim
[2021-08-31 22:06:04.155] [sharedprocess] [info] Downloaded extension: vscodevim.vim c:\Users\maxo2\Documents\VSC-PROFILES\python\CachedExtensionVSIXs\vscodevim.vim-1.21.7
[2021-08-31 22:06:04.235] [sharedprocess] [info] Extracted extension to C:\Users\maxo2\Documents\VSC-PROFILES\python\.8b7c54cf-436f-47a3-bf53-43c545270da6: vscodevim.vim
[2021-08-31 22:06:04.250] [sharedprocess] [info] Renamed to C:\Users\maxo2\Documents\VSC-PROFILES\python\vscodevim.vim-1.21.7
[2021-08-31 22:06:04.255] [sharedprocess] [info] Extracting completed. vscodevim.vim
[2021-08-31 22:06:04.257] [sharedprocess] [info] Extension installed successfully: vscodevim.vim
[2021-08-31 22:06:42.998] [sharedprocess] [info] WSL is not installed, so could not detect WSL profiles
[2021-08-31 22:06:44.811] [sharedprocess] [info] WSL is not installed, so could not detect WSL profiles
[2021-08-31 22:07:14.496] [sharedprocess] [info] Installing extension: tabnine.tabnine-vscode
[2021-08-31 22:07:15.670] [sharedprocess] [info] Downloaded extension: tabnine.tabnine-vscode c:\Users\maxo2\Documents\VSC-PROFILES\python\CachedExtensionVSIXs\tabnine.tabnine-vscode-3.4.25
[2021-08-31 22:07:15.701] [sharedprocess] [info] Extracted extension to C:\Users\maxo2\Documents\VSC-PROFILES\python\.2c208ac4-a693-451a-a4e9-16e0f8a48ed3: tabnine.tabnine-vscode
[2021-08-31 22:07:15.710] [sharedprocess] [info] Renamed to C:\Users\maxo2\Documents\VSC-PROFILES\python\tabnine.tabnine-vscode-3.4.25
[2021-08-31 22:07:15.715] [sharedprocess] [info] Extracting completed. tabnine.tabnine-vscode
[2021-08-31 22:07:15.717] [sharedprocess] [info] Extension installed successfully: tabnine.tabnine-vscode
[2021-08-31 22:07:15.938] [sharedprocess] [info] WSL is not installed, so could not detect WSL profiles
[2021-08-31 22:07:17.922] [sharedprocess] [info] WSL is not installed, so could not detect WSL profiles
