[2021-08-31 21:26:55.898] [sharedprocess] [info] WSL is not installed, so could not detect WSL profiles
[2021-08-31 21:26:57.766] [sharedprocess] [info] WSL is not installed, so could not detect WSL profiles
[2021-08-31 21:27:05.680] [sharedprocess] [info] [logs cleanup]: Starting to clean up old logs.
[2021-08-31 21:27:25.682] [sharedprocess] [info] [code cache cleanup]: Starting to clean up old code cache folders.
[2021-08-31 21:27:25.682] [sharedprocess] [info] [storage cleanup]: Starting to clean up storage folders.
[2021-08-31 21:27:35.685] [sharedprocess] [info] [language pack cache cleanup]: Starting to clean up unused language packs.
[2021-08-31 21:27:50.679] [sharedprocess] [info] Installing extension: dbaeumer.vscode-eslint
[2021-08-31 21:27:51.697] [sharedprocess] [info] Downloaded extension: dbaeumer.vscode-eslint c:\Users\maxo2\Documents\VSC-PROFILES\react\CachedExtensionVSIXs\dbaeumer.vscode-eslint-2.1.23
[2021-08-31 21:27:51.733] [sharedprocess] [info] Extracted extension to C:\Users\maxo2\Documents\VSC-PROFILES\react\.28671603-9ec3-43fc-9a03-b5187c831c4f: dbaeumer.vscode-eslint
[2021-08-31 21:27:51.752] [sharedprocess] [info] Renamed to C:\Users\maxo2\Documents\VSC-PROFILES\react\dbaeumer.vscode-eslint-2.1.23
[2021-08-31 21:27:51.768] [sharedprocess] [info] Extracting completed. dbaeumer.vscode-eslint
[2021-08-31 21:27:51.771] [sharedprocess] [info] Extension installed successfully: dbaeumer.vscode-eslint
[2021-08-31 21:28:01.289] [sharedprocess] [info] Installing extension: dsznajder.es7-react-js-snippets
[2021-08-31 21:28:02.172] [sharedprocess] [info] Downloaded extension: dsznajder.es7-react-js-snippets c:\Users\maxo2\Documents\VSC-PROFILES\react\CachedExtensionVSIXs\dsznajder.es7-react-js-snippets-3.1.1
[2021-08-31 21:28:02.194] [sharedprocess] [info] Extracted extension to C:\Users\maxo2\Documents\VSC-PROFILES\react\.2e83ccdb-0445-4d4d-a2c8-1dc5f7165251: dsznajder.es7-react-js-snippets
[2021-08-31 21:28:02.202] [sharedprocess] [info] Renamed to C:\Users\maxo2\Documents\VSC-PROFILES\react\dsznajder.es7-react-js-snippets-3.1.1
[2021-08-31 21:28:02.213] [sharedprocess] [info] Extracting completed. dsznajder.es7-react-js-snippets
[2021-08-31 21:28:02.215] [sharedprocess] [info] Extension installed successfully: dsznajder.es7-react-js-snippets
[2021-08-31 21:28:19.553] [sharedprocess] [info] Installing extension: formulahendry.auto-rename-tag
[2021-08-31 21:28:20.510] [sharedprocess] [info] Downloaded extension: formulahendry.auto-rename-tag c:\Users\maxo2\Documents\VSC-PROFILES\react\CachedExtensionVSIXs\formulahendry.auto-rename-tag-0.1.8
[2021-08-31 21:28:20.545] [sharedprocess] [info] Extracted extension to C:\Users\maxo2\Documents\VSC-PROFILES\react\.d041fcb6-2f27-4601-8582-ad7d806cab9b: formulahendry.auto-rename-tag
[2021-08-31 21:28:20.557] [sharedprocess] [info] Renamed to C:\Users\maxo2\Documents\VSC-PROFILES\react\formulahendry.auto-rename-tag-0.1.8
[2021-08-31 21:28:20.572] [sharedprocess] [info] Extracting completed. formulahendry.auto-rename-tag
[2021-08-31 21:28:20.573] [sharedprocess] [info] Extension installed successfully: formulahendry.auto-rename-tag
[2021-08-31 21:28:42.457] [sharedprocess] [info] Installing extension: tabnine.tabnine-vscode
[2021-08-31 21:28:43.282] [sharedprocess] [info] Downloaded extension: tabnine.tabnine-vscode c:\Users\maxo2\Documents\VSC-PROFILES\react\CachedExtensionVSIXs\tabnine.tabnine-vscode-3.4.25
[2021-08-31 21:28:43.308] [sharedprocess] [info] Extracted extension to C:\Users\maxo2\Documents\VSC-PROFILES\react\.e5ff5028-eb18-4c6a-b8ad-2f30aa63938c: tabnine.tabnine-vscode
[2021-08-31 21:28:43.316] [sharedprocess] [info] Renamed to C:\Users\maxo2\Documents\VSC-PROFILES\react\tabnine.tabnine-vscode-3.4.25
[2021-08-31 21:28:43.321] [sharedprocess] [info] Extracting completed. tabnine.tabnine-vscode
[2021-08-31 21:28:43.323] [sharedprocess] [info] Extension installed successfully: tabnine.tabnine-vscode
[2021-08-31 21:29:09.842] [sharedprocess] [info] Installing extension: vscodevim.vim
[2021-08-31 21:29:10.869] [sharedprocess] [info] Downloaded extension: vscodevim.vim c:\Users\maxo2\Documents\VSC-PROFILES\react\CachedExtensionVSIXs\vscodevim.vim-1.21.7
[2021-08-31 21:29:10.956] [sharedprocess] [info] Extracted extension to C:\Users\maxo2\Documents\VSC-PROFILES\react\.d39d4ad4-6a74-4cd6-a249-13558f289553: vscodevim.vim
[2021-08-31 21:29:10.972] [sharedprocess] [info] Renamed to C:\Users\maxo2\Documents\VSC-PROFILES\react\vscodevim.vim-1.21.7
[2021-08-31 21:29:10.978] [sharedprocess] [info] Extracting completed. vscodevim.vim
[2021-08-31 21:29:10.980] [sharedprocess] [info] Extension installed successfully: vscodevim.vim
