[2021-08-31 21:43:19.853] [exthost] [info] extension host started
[2021-08-31 21:43:19.853] [exthost] [info] Skipping acquiring lock for c:\Users\maxo2\Documents\VSC-PROFILES\react\User\workspaceStorage\a91645d569fe0d7e99dcc8f443470521.
[2021-08-31 21:43:19.918] [exthost] [info] ExtensionService#_doActivateExtension vscode.microsoft-authentication {"startup":false,"extensionId":{"value":"vscode.microsoft-authentication","_lower":"vscode.microsoft-authentication"},"activationEvent":"onAuthenticationRequest:microsoft"}
[2021-08-31 21:43:19.918] [exthost] [info] ExtensionService#loadCommonJSModule file:///c:/Users/maxo2/AppData/Local/Programs/Microsoft VS Code/resources/app/extensions/microsoft-authentication/dist/extension.js
[2021-08-31 21:43:19.934] [exthost] [info] ExtensionService#_doActivateExtension vscode.debug-auto-launch {"startup":true,"extensionId":{"value":"vscode.debug-auto-launch","_lower":"vscode.debug-auto-launch"},"activationEvent":"*"}
[2021-08-31 21:43:19.934] [exthost] [info] ExtensionService#loadCommonJSModule file:///c:/Users/maxo2/AppData/Local/Programs/Microsoft VS Code/resources/app/extensions/debug-auto-launch/dist/extension
[2021-08-31 21:43:19.938] [exthost] [info] ExtensionService#_doActivateExtension vscode.git {"startup":true,"extensionId":{"value":"vscode.github","_lower":"vscode.github"},"activationEvent":"*"}
[2021-08-31 21:43:19.938] [exthost] [info] ExtensionService#loadCommonJSModule file:///c:/Users/maxo2/AppData/Local/Programs/Microsoft VS Code/resources/app/extensions/git/dist/main
[2021-08-31 21:43:19.952] [exthost] [info] ExtensionService#_doActivateExtension formulahendry.auto-rename-tag {"startup":true,"extensionId":{"value":"formulahendry.auto-rename-tag","_lower":"formulahendry.auto-rename-tag"},"activationEvent":"*"}
[2021-08-31 21:43:19.952] [exthost] [info] ExtensionService#loadCommonJSModule file:///c:/Users/maxo2/Documents/VSC-PROFILES/react/formulahendry.auto-rename-tag-0.1.8/packages/extension/dist/extensionMain.js
[2021-08-31 21:43:19.958] [exthost] [info] ExtensionService#_doActivateExtension vscodevim.vim {"startup":true,"extensionId":{"value":"vscodevim.vim","_lower":"vscodevim.vim"},"activationEvent":"*"}
[2021-08-31 21:43:19.958] [exthost] [info] ExtensionService#loadCommonJSModule file:///c:/Users/maxo2/Documents/VSC-PROFILES/react/vscodevim.vim-1.21.7/out/extension
[2021-08-31 21:43:20.169] [exthost] [info] ExtensionService#_doActivateExtension ms-vscode.js-debug {"startup":false,"extensionId":{"value":"ms-vscode.js-debug","_lower":"ms-vscode.js-debug"},"activationEvent":"onCommand:extension.js-debug.clearAutoAttachVariables"}
[2021-08-31 21:43:20.169] [exthost] [info] ExtensionService#loadCommonJSModule file:///c:/Users/maxo2/AppData/Local/Programs/Microsoft VS Code/resources/app/extensions/ms-vscode.js-debug/src/extension.js
[2021-08-31 21:43:20.240] [exthost] [info] ExtensionService#_doActivateExtension vscode.github {"startup":false,"extensionId":{"value":"vscode.github","_lower":"vscode.github"},"activationEvent":"*"}
[2021-08-31 21:43:20.240] [exthost] [info] ExtensionService#loadCommonJSModule file:///c:/Users/maxo2/AppData/Local/Programs/Microsoft VS Code/resources/app/extensions/github/dist/extension.js
[2021-08-31 21:43:20.283] [exthost] [info] eager extensions activated
[2021-08-31 21:43:20.295] [exthost] [info] ExtensionService#_doActivateExtension vscode.github-authentication {"startup":false,"extensionId":{"value":"vscode.github-authentication","_lower":"vscode.github-authentication"},"activationEvent":"onAuthenticationRequest:github"}
[2021-08-31 21:43:20.295] [exthost] [info] ExtensionService#loadCommonJSModule file:///c:/Users/maxo2/AppData/Local/Programs/Microsoft VS Code/resources/app/extensions/github-authentication/dist/extension.js
[2021-08-31 21:43:20.309] [exthost] [info] ExtensionService#_doActivateExtension vscode.emmet {"startup":false,"extensionId":{"value":"vscode.emmet","_lower":"vscode.emmet"},"activationEvent":"onStartupFinished"}
[2021-08-31 21:43:20.309] [exthost] [info] ExtensionService#loadCommonJSModule file:///c:/Users/maxo2/AppData/Local/Programs/Microsoft VS Code/resources/app/extensions/emmet/dist/node/emmetNodeMain
[2021-08-31 21:43:20.320] [exthost] [info] ExtensionService#_doActivateExtension vscode.merge-conflict {"startup":false,"extensionId":{"value":"vscode.merge-conflict","_lower":"vscode.merge-conflict"},"activationEvent":"onStartupFinished"}
[2021-08-31 21:43:20.320] [exthost] [info] ExtensionService#loadCommonJSModule file:///c:/Users/maxo2/AppData/Local/Programs/Microsoft VS Code/resources/app/extensions/merge-conflict/dist/mergeConflictMain
[2021-08-31 21:43:20.323] [exthost] [info] ExtensionService#_doActivateExtension ms-vscode-remote.remote-wsl-recommender {"startup":false,"extensionId":{"value":"ms-vscode-remote.remote-wsl-recommender","_lower":"ms-vscode-remote.remote-wsl-recommender"},"activationEvent":"onStartupFinished"}
[2021-08-31 21:43:20.323] [exthost] [info] ExtensionService#loadCommonJSModule file:///c:/Users/maxo2/AppData/Local/Programs/Microsoft VS Code/resources/app/extensions/ms-vscode-remote.remote-wsl-recommender/dist/extension.js
[2021-08-31 21:43:22.577] [exthost] [info] ExtensionService#_doActivateExtension dbaeumer.vscode-eslint {"startup":false,"extensionId":{"value":"dbaeumer.vscode-eslint","_lower":"dbaeumer.vscode-eslint"},"activationEvent":"onStartupFinished"}
[2021-08-31 21:43:22.577] [exthost] [info] ExtensionService#loadCommonJSModule file:///c:/Users/maxo2/Documents/VSC-PROFILES/react/dbaeumer.vscode-eslint-2.1.23/client/out/extension
[2021-08-31 21:43:22.600] [exthost] [info] ExtensionService#_doActivateExtension TabNine.tabnine-vscode {"startup":false,"extensionId":{"value":"TabNine.tabnine-vscode","_lower":"tabnine.tabnine-vscode"},"activationEvent":"*"}
[2021-08-31 21:43:22.600] [exthost] [info] ExtensionService#loadCommonJSModule file:///c:/Users/maxo2/Documents/VSC-PROFILES/react/tabnine.tabnine-vscode-3.4.25/out/extension
[2021-08-31 21:43:22.730] [exthost] [info] ExtensionService#_doActivateExtension vscode.configuration-editing {"startup":false,"extensionId":{"value":"vscode.configuration-editing","_lower":"vscode.configuration-editing"},"activationEvent":"onLanguage:jsonc"}
[2021-08-31 21:43:22.731] [exthost] [info] ExtensionService#loadCommonJSModule file:///c:/Users/maxo2/AppData/Local/Programs/Microsoft VS Code/resources/app/extensions/configuration-editing/dist/configurationEditingMain
[2021-08-31 21:43:22.740] [exthost] [info] ExtensionService#_doActivateExtension vscode.json-language-features {"startup":false,"extensionId":{"value":"vscode.json-language-features","_lower":"vscode.json-language-features"},"activationEvent":"onLanguage:jsonc"}
[2021-08-31 21:43:22.740] [exthost] [info] ExtensionService#loadCommonJSModule file:///c:/Users/maxo2/AppData/Local/Programs/Microsoft VS Code/resources/app/extensions/json-language-features/client/dist/node/jsonClientMain
[2021-08-31 21:43:22.757] [exthost] [info] ExtensionService#_doActivateExtension vscode.typescript-language-features {"startup":false,"extensionId":{"value":"vscode.typescript-language-features","_lower":"vscode.typescript-language-features"},"activationEvent":"onLanguage:jsonc"}
[2021-08-31 21:43:22.757] [exthost] [info] ExtensionService#loadCommonJSModule file:///c:/Users/maxo2/AppData/Local/Programs/Microsoft VS Code/resources/app/extensions/typescript-language-features/dist/extension
[2021-08-31 21:43:26.475] [exthost] [info] extension host terminating: renderer closed the socket
[2021-08-31 21:43:26.483] [exthost] [error] Error: ENOENT: no such file or directory, open 'c:\Users\maxo2\Documents\VSC-PROFILES\react\User\globalStorage\vscodevim.vim\.registers'
[2021-08-31 21:43:26.489] [exthost] [error] ProxyResolver#resolveProxy Canceled: Canceled
    at Object.i [as canceled] (c:\Users\maxo2\AppData\Local\Programs\Microsoft VS Code\resources\app\out\vs\workbench\services\extensions\node\extensionHostProcess.js:5:1157)
    at h._remoteCall (c:\Users\maxo2\AppData\Local\Programs\Microsoft VS Code\resources\app\out\vs\workbench\services\extensions\node\extensionHostProcess.js:89:12893)
    at Proxy.w.<computed>.E.charCodeAt.w.<computed> (c:\Users\maxo2\AppData\Local\Programs\Microsoft VS Code\resources\app\out\vs\workbench\services\extensions\node\extensionHostProcess.js:89:9388)
    at E.resolveProxy (c:\Users\maxo2\AppData\Local\Programs\Microsoft VS Code\resources\app\out\vs\workbench\services\extensions\node\extensionHostProcess.js:89:36763)
    at Object.resolveProxy (c:\Users\maxo2\AppData\Local\Programs\Microsoft VS Code\resources\app\out\vs\workbench\services\extensions\node\extensionHostProcess.js:94:57628)
    at useProxySettings (c:\Users\maxo2\AppData\Local\Programs\Microsoft VS Code\resources\app\node_modules.asar\vscode-proxy-agent\out\index.js:159:16)
    at c:\Users\maxo2\AppData\Local\Programs\Microsoft VS Code\resources\app\node_modules.asar\vscode-proxy-agent\out\index.js:107:13
    at c:\Users\maxo2\AppData\Local\Programs\Microsoft VS Code\resources\app\node_modules.asar\vscode-proxy-agent\out\index.js:335:13
    at processTicksAndRejections (internal/process/task_queues.js:93:5) 
[2021-08-31 21:43:26.495] [exthost] [error] ProxyResolver#resolveProxy Canceled: Canceled
    at Object.i [as canceled] (c:\Users\maxo2\AppData\Local\Programs\Microsoft VS Code\resources\app\out\vs\workbench\services\extensions\node\extensionHostProcess.js:5:1157)
    at h._remoteCall (c:\Users\maxo2\AppData\Local\Programs\Microsoft VS Code\resources\app\out\vs\workbench\services\extensions\node\extensionHostProcess.js:89:12893)
    at Proxy.w.<computed>.E.charCodeAt.w.<computed> (c:\Users\maxo2\AppData\Local\Programs\Microsoft VS Code\resources\app\out\vs\workbench\services\extensions\node\extensionHostProcess.js:89:9388)
    at E.resolveProxy (c:\Users\maxo2\AppData\Local\Programs\Microsoft VS Code\resources\app\out\vs\workbench\services\extensions\node\extensionHostProcess.js:89:36763)
    at Object.resolveProxy (c:\Users\maxo2\AppData\Local\Programs\Microsoft VS Code\resources\app\out\vs\workbench\services\extensions\node\extensionHostProcess.js:94:57628)
    at useProxySettings (c:\Users\maxo2\AppData\Local\Programs\Microsoft VS Code\resources\app\node_modules.asar\vscode-proxy-agent\out\index.js:159:16)
    at c:\Users\maxo2\AppData\Local\Programs\Microsoft VS Code\resources\app\node_modules.asar\vscode-proxy-agent\out\index.js:107:13
    at c:\Users\maxo2\AppData\Local\Programs\Microsoft VS Code\resources\app\node_modules.asar\vscode-proxy-agent\out\index.js:335:13
    at processTicksAndRejections (internal/process/task_queues.js:93:5) 
[2021-08-31 21:43:27.487] [exthost] [info] exiting with code 0
