[2021-08-31 21:45:33.720] [exthost] [info] extension host started
[2021-08-31 21:45:33.721] [exthost] [info] Skipping acquiring lock for c:\Users\maxo2\Documents\VSC-PROFILES\python\User\workspaceStorage\a96667b42de1baeee25b892aa4889c57.
[2021-08-31 21:45:33.765] [exthost] [info] ExtensionService#_doActivateExtension vscode.microsoft-authentication {"startup":false,"extensionId":{"value":"vscode.microsoft-authentication","_lower":"vscode.microsoft-authentication"},"activationEvent":"onAuthenticationRequest:microsoft"}
[2021-08-31 21:45:33.765] [exthost] [info] ExtensionService#loadCommonJSModule file:///c:/Users/maxo2/AppData/Local/Programs/Microsoft VS Code/resources/app/extensions/microsoft-authentication/dist/extension.js
[2021-08-31 21:45:33.776] [exthost] [info] ExtensionService#_doActivateExtension vscode.debug-auto-launch {"startup":true,"extensionId":{"value":"vscode.debug-auto-launch","_lower":"vscode.debug-auto-launch"},"activationEvent":"*"}
[2021-08-31 21:45:33.776] [exthost] [info] ExtensionService#loadCommonJSModule file:///c:/Users/maxo2/AppData/Local/Programs/Microsoft VS Code/resources/app/extensions/debug-auto-launch/dist/extension
[2021-08-31 21:45:33.781] [exthost] [info] ExtensionService#_doActivateExtension vscode.git {"startup":true,"extensionId":{"value":"vscode.github","_lower":"vscode.github"},"activationEvent":"*"}
[2021-08-31 21:45:33.781] [exthost] [info] ExtensionService#loadCommonJSModule file:///c:/Users/maxo2/AppData/Local/Programs/Microsoft VS Code/resources/app/extensions/git/dist/main
[2021-08-31 21:45:33.801] [exthost] [info] ExtensionService#_doActivateExtension vscode.npm {"startup":true,"extensionId":{"value":"vscode.npm","_lower":"vscode.npm"},"activationEvent":"workspaceContains:package.json"}
[2021-08-31 21:45:33.801] [exthost] [info] ExtensionService#loadCommonJSModule file:///c:/Users/maxo2/AppData/Local/Programs/Microsoft VS Code/resources/app/extensions/npm/dist/npmMain
[2021-08-31 21:45:33.879] [exthost] [info] ExtensionService#_doActivateExtension ms-vscode.js-debug {"startup":false,"extensionId":{"value":"ms-vscode.js-debug","_lower":"ms-vscode.js-debug"},"activationEvent":"onCommand:extension.js-debug.clearAutoAttachVariables"}
[2021-08-31 21:45:33.879] [exthost] [info] ExtensionService#loadCommonJSModule file:///c:/Users/maxo2/AppData/Local/Programs/Microsoft VS Code/resources/app/extensions/ms-vscode.js-debug/src/extension.js
[2021-08-31 21:45:33.983] [exthost] [info] ExtensionService#_doActivateExtension vscode.github {"startup":true,"extensionId":{"value":"vscode.github","_lower":"vscode.github"},"activationEvent":"*"}
[2021-08-31 21:45:33.983] [exthost] [info] ExtensionService#loadCommonJSModule file:///c:/Users/maxo2/AppData/Local/Programs/Microsoft VS Code/resources/app/extensions/github/dist/extension.js
[2021-08-31 21:45:34.015] [exthost] [info] ExtensionService#_doActivateExtension vscode.github-authentication {"startup":false,"extensionId":{"value":"vscode.github-authentication","_lower":"vscode.github-authentication"},"activationEvent":"onAuthenticationRequest:github"}
[2021-08-31 21:45:34.015] [exthost] [info] ExtensionService#loadCommonJSModule file:///c:/Users/maxo2/AppData/Local/Programs/Microsoft VS Code/resources/app/extensions/github-authentication/dist/extension.js
[2021-08-31 21:45:34.296] [exthost] [info] eager extensions activated
[2021-08-31 21:45:34.300] [exthost] [info] ExtensionService#_doActivateExtension vscode.emmet {"startup":false,"extensionId":{"value":"vscode.emmet","_lower":"vscode.emmet"},"activationEvent":"onStartupFinished"}
[2021-08-31 21:45:34.300] [exthost] [info] ExtensionService#loadCommonJSModule file:///c:/Users/maxo2/AppData/Local/Programs/Microsoft VS Code/resources/app/extensions/emmet/dist/node/emmetNodeMain
[2021-08-31 21:45:34.309] [exthost] [info] ExtensionService#_doActivateExtension vscode.merge-conflict {"startup":false,"extensionId":{"value":"vscode.merge-conflict","_lower":"vscode.merge-conflict"},"activationEvent":"onStartupFinished"}
[2021-08-31 21:45:34.309] [exthost] [info] ExtensionService#loadCommonJSModule file:///c:/Users/maxo2/AppData/Local/Programs/Microsoft VS Code/resources/app/extensions/merge-conflict/dist/mergeConflictMain
[2021-08-31 21:45:34.312] [exthost] [info] ExtensionService#_doActivateExtension ms-vscode-remote.remote-wsl-recommender {"startup":false,"extensionId":{"value":"ms-vscode-remote.remote-wsl-recommender","_lower":"ms-vscode-remote.remote-wsl-recommender"},"activationEvent":"onStartupFinished"}
[2021-08-31 21:45:34.312] [exthost] [info] ExtensionService#loadCommonJSModule file:///c:/Users/maxo2/AppData/Local/Programs/Microsoft VS Code/resources/app/extensions/ms-vscode-remote.remote-wsl-recommender/dist/extension.js
[2021-08-31 21:45:37.355] [exthost] [info] extension host terminating: renderer closed the socket
[2021-08-31 21:45:37.362] [exthost] [error] ProxyResolver#resolveProxy Canceled: Canceled
	at Object.i [as canceled] (c:\Users\maxo2\AppData\Local\Programs\Microsoft VS Code\resources\app\out\vs\workbench\services\extensions\node\extensionHostProcess.js:5:1157)
	at h._remoteCall (c:\Users\maxo2\AppData\Local\Programs\Microsoft VS Code\resources\app\out\vs\workbench\services\extensions\node\extensionHostProcess.js:89:12893)
	at Proxy.w.<computed>.E.charCodeAt.w.<computed> (c:\Users\maxo2\AppData\Local\Programs\Microsoft VS Code\resources\app\out\vs\workbench\services\extensions\node\extensionHostProcess.js:89:9388)
	at E.resolveProxy (c:\Users\maxo2\AppData\Local\Programs\Microsoft VS Code\resources\app\out\vs\workbench\services\extensions\node\extensionHostProcess.js:89:36763)
	at Object.resolveProxy (c:\Users\maxo2\AppData\Local\Programs\Microsoft VS Code\resources\app\out\vs\workbench\services\extensions\node\extensionHostProcess.js:94:57628)
	at useProxySettings (c:\Users\maxo2\AppData\Local\Programs\Microsoft VS Code\resources\app\node_modules.asar\vscode-proxy-agent\out\index.js:159:16)
	at c:\Users\maxo2\AppData\Local\Programs\Microsoft VS Code\resources\app\node_modules.asar\vscode-proxy-agent\out\index.js:107:13
	at c:\Users\maxo2\AppData\Local\Programs\Microsoft VS Code\resources\app\node_modules.asar\vscode-proxy-agent\out\index.js:335:13
	at processTicksAndRejections (internal/process/task_queues.js:93:5) 
[2021-08-31 21:45:37.366] [exthost] [error] ProxyResolver#resolveProxy Canceled: Canceled
	at Object.i [as canceled] (c:\Users\maxo2\AppData\Local\Programs\Microsoft VS Code\resources\app\out\vs\workbench\services\extensions\node\extensionHostProcess.js:5:1157)
	at h._remoteCall (c:\Users\maxo2\AppData\Local\Programs\Microsoft VS Code\resources\app\out\vs\workbench\services\extensions\node\extensionHostProcess.js:89:12893)
	at Proxy.w.<computed>.E.charCodeAt.w.<computed> (c:\Users\maxo2\AppData\Local\Programs\Microsoft VS Code\resources\app\out\vs\workbench\services\extensions\node\extensionHostProcess.js:89:9388)
	at E.resolveProxy (c:\Users\maxo2\AppData\Local\Programs\Microsoft VS Code\resources\app\out\vs\workbench\services\extensions\node\extensionHostProcess.js:89:36763)
	at Object.resolveProxy (c:\Users\maxo2\AppData\Local\Programs\Microsoft VS Code\resources\app\out\vs\workbench\services\extensions\node\extensionHostProcess.js:94:57628)
	at useProxySettings (c:\Users\maxo2\AppData\Local\Programs\Microsoft VS Code\resources\app\node_modules.asar\vscode-proxy-agent\out\index.js:159:16)
	at c:\Users\maxo2\AppData\Local\Programs\Microsoft VS Code\resources\app\node_modules.asar\vscode-proxy-agent\out\index.js:107:13
	at c:\Users\maxo2\AppData\Local\Programs\Microsoft VS Code\resources\app\node_modules.asar\vscode-proxy-agent\out\index.js:335:13
	at processTicksAndRejections (internal/process/task_queues.js:93:5) 
[2021-08-31 21:45:38.367] [exthost] [info] exiting with code 0
