[2021-08-31 21:31:34.843] [exthost] [info] extension host started
[2021-08-31 21:31:34.876] [exthost] [info] ExtensionService#_doActivateExtension vscode.microsoft-authentication {"startup":false,"extensionId":{"value":"vscode.microsoft-authentication","_lower":"vscode.microsoft-authentication"},"activationEvent":"onAuthenticationRequest:microsoft"}
[2021-08-31 21:31:34.876] [exthost] [info] ExtensionService#loadCommonJSModule file:///c:/Users/maxo2/AppData/Local/Programs/Microsoft VS Code/resources/app/extensions/microsoft-authentication/dist/extension.js
[2021-08-31 21:31:34.907] [exthost] [info] ExtensionService#_doActivateExtension vscode.debug-auto-launch {"startup":true,"extensionId":{"value":"vscode.debug-auto-launch","_lower":"vscode.debug-auto-launch"},"activationEvent":"*"}
[2021-08-31 21:31:34.908] [exthost] [info] ExtensionService#loadCommonJSModule file:///c:/Users/maxo2/AppData/Local/Programs/Microsoft VS Code/resources/app/extensions/debug-auto-launch/dist/extension
[2021-08-31 21:31:34.912] [exthost] [info] ExtensionService#_doActivateExtension vscode.git {"startup":true,"extensionId":{"value":"vscode.github","_lower":"vscode.github"},"activationEvent":"*"}
[2021-08-31 21:31:34.912] [exthost] [info] ExtensionService#loadCommonJSModule file:///c:/Users/maxo2/AppData/Local/Programs/Microsoft VS Code/resources/app/extensions/git/dist/main
[2021-08-31 21:31:35.028] [exthost] [info] ExtensionService#_doActivateExtension vscode.github {"startup":true,"extensionId":{"value":"vscode.github","_lower":"vscode.github"},"activationEvent":"*"}
[2021-08-31 21:31:35.028] [exthost] [info] ExtensionService#loadCommonJSModule file:///c:/Users/maxo2/AppData/Local/Programs/Microsoft VS Code/resources/app/extensions/github/dist/extension.js
[2021-08-31 21:31:35.075] [exthost] [info] eager extensions activated
[2021-08-31 21:31:35.087] [exthost] [info] ExtensionService#_doActivateExtension ms-vscode.js-debug {"startup":false,"extensionId":{"value":"ms-vscode.js-debug","_lower":"ms-vscode.js-debug"},"activationEvent":"onCommand:extension.js-debug.clearAutoAttachVariables"}
[2021-08-31 21:31:35.087] [exthost] [info] ExtensionService#loadCommonJSModule file:///c:/Users/maxo2/AppData/Local/Programs/Microsoft VS Code/resources/app/extensions/ms-vscode.js-debug/src/extension.js
[2021-08-31 21:31:35.217] [exthost] [info] ExtensionService#_doActivateExtension vscode.emmet {"startup":false,"extensionId":{"value":"vscode.emmet","_lower":"vscode.emmet"},"activationEvent":"onStartupFinished"}
[2021-08-31 21:31:35.217] [exthost] [info] ExtensionService#loadCommonJSModule file:///c:/Users/maxo2/AppData/Local/Programs/Microsoft VS Code/resources/app/extensions/emmet/dist/node/emmetNodeMain
[2021-08-31 21:31:35.230] [exthost] [info] ExtensionService#_doActivateExtension vscode.merge-conflict {"startup":false,"extensionId":{"value":"vscode.merge-conflict","_lower":"vscode.merge-conflict"},"activationEvent":"onStartupFinished"}
[2021-08-31 21:31:35.230] [exthost] [info] ExtensionService#loadCommonJSModule file:///c:/Users/maxo2/AppData/Local/Programs/Microsoft VS Code/resources/app/extensions/merge-conflict/dist/mergeConflictMain
[2021-08-31 21:31:35.234] [exthost] [info] ExtensionService#_doActivateExtension ms-vscode-remote.remote-wsl-recommender {"startup":false,"extensionId":{"value":"ms-vscode-remote.remote-wsl-recommender","_lower":"ms-vscode-remote.remote-wsl-recommender"},"activationEvent":"onStartupFinished"}
[2021-08-31 21:31:35.234] [exthost] [info] ExtensionService#loadCommonJSModule file:///c:/Users/maxo2/AppData/Local/Programs/Microsoft VS Code/resources/app/extensions/ms-vscode-remote.remote-wsl-recommender/dist/extension.js
[2021-08-31 21:31:35.289] [exthost] [info] ExtensionService#_doActivateExtension vscode.github-authentication {"startup":false,"extensionId":{"value":"vscode.github-authentication","_lower":"vscode.github-authentication"},"activationEvent":"onAuthenticationRequest:github"}
[2021-08-31 21:31:35.289] [exthost] [info] ExtensionService#loadCommonJSModule file:///c:/Users/maxo2/AppData/Local/Programs/Microsoft VS Code/resources/app/extensions/github-authentication/dist/extension.js
[2021-08-31 21:32:05.590] [exthost] [info] ExtensionService#_doActivateExtension ms-python.python {"startup":false,"extensionId":{"value":"ms-python.python","_lower":"ms-python.python"},"activationEvent":"onWalkthrough:pythonWelcome"}
[2021-08-31 21:32:05.590] [exthost] [info] ExtensionService#loadCommonJSModule file:///c:/Users/maxo2/Documents/VSC-PROFILES/python/ms-python.python-2021.8.1159798656/out/client/extension
[2021-08-31 21:32:06.717] [exthost] [info] ExtensionService#_doActivateExtension ms-python.vscode-pylance {"startup":false,"extensionId":{"value":"ms-python.python","_lower":"ms-python.python"},"activationEvent":"api"}
[2021-08-31 21:32:06.717] [exthost] [info] ExtensionService#loadCommonJSModule file:///c:/Users/maxo2/Documents/VSC-PROFILES/python/ms-python.vscode-pylance-2021.8.3/dist/extension.bundle.js
[2021-08-31 21:45:32.023] [exthost] [info] extension host terminating: renderer closed the socket
[2021-08-31 21:45:33.038] [exthost] [info] exiting with code 0
