[2021-08-31 22:09:31.371] [renderer1] [error] ENOENT: no such file or directory, open 'c:\Users\maxo2\Documents\VSC-PROFILES\python\User\globalStorage\vscodevim.vim\.registers': Error: ENOENT: no such file or directory, open 'c:\Users\maxo2\Documents\VSC-PROFILES\python\User\globalStorage\vscodevim.vim\.registers'
[2021-08-31 22:10:10.715] [renderer1] [error] NO notebook document for 'vscode-interactive:Interactive-1.interactive': Error: NO notebook document for 'vscode-interactive:Interactive-1.interactive'
    at _.getNotebookDocument (c:\Users\maxo2\AppData\Local\Programs\Microsoft VS Code\resources\app\out\vs\workbench\services\extensions\node\extensionHostProcess.js:85:207776)
    at b.$acceptNotebookAssociation (c:\Users\maxo2\AppData\Local\Programs\Microsoft VS Code\resources\app\out\vs\workbench\services\extensions\node\extensionHostProcess.js:85:221143)
    at h._doInvokeHandler (c:\Users\maxo2\AppData\Local\Programs\Microsoft VS Code\resources\app\out\vs\workbench\services\extensions\node\extensionHostProcess.js:89:12819)
    at h._invokeHandler (c:\Users\maxo2\AppData\Local\Programs\Microsoft VS Code\resources\app\out\vs\workbench\services\extensions\node\extensionHostProcess.js:89:12503)
    at h._receiveRequest (c:\Users\maxo2\AppData\Local\Programs\Microsoft VS Code\resources\app\out\vs\workbench\services\extensions\node\extensionHostProcess.js:89:11159)
    at h._receiveOneMessage (c:\Users\maxo2\AppData\Local\Programs\Microsoft VS Code\resources\app\out\vs\workbench\services\extensions\node\extensionHostProcess.js:89:9943)
    at c:\Users\maxo2\AppData\Local\Programs\Microsoft VS Code\resources\app\out\vs\workbench\services\extensions\node\extensionHostProcess.js:89:8039
    at d.fire (c:\Users\maxo2\AppData\Local\Programs\Microsoft VS Code\resources\app\out\vs\workbench\services\extensions\node\extensionHostProcess.js:57:1712)
    at c.fire (c:\Users\maxo2\AppData\Local\Programs\Microsoft VS Code\resources\app\out\vs\workbench\services\extensions\node\extensionHostProcess.js:65:15825)
    at c:\Users\maxo2\AppData\Local\Programs\Microsoft VS Code\resources\app\out\vs\workbench\services\extensions\node\extensionHostProcess.js:104:30060
    at d.fire (c:\Users\maxo2\AppData\Local\Programs\Microsoft VS Code\resources\app\out\vs\workbench\services\extensions\node\extensionHostProcess.js:57:1712)
    at c.fire (c:\Users\maxo2\AppData\Local\Programs\Microsoft VS Code\resources\app\out\vs\workbench\services\extensions\node\extensionHostProcess.js:65:15825)
    at r._receiveMessage (c:\Users\maxo2\AppData\Local\Programs\Microsoft VS Code\resources\app\out\vs\workbench\services\extensions\node\extensionHostProcess.js:65:21091)
    at c:\Users\maxo2\AppData\Local\Programs\Microsoft VS Code\resources\app\out\vs\workbench\services\extensions\node\extensionHostProcess.js:65:17969
    at d.fire (c:\Users\maxo2\AppData\Local\Programs\Microsoft VS Code\resources\app\out\vs\workbench\services\extensions\node\extensionHostProcess.js:57:1712)
    at v.acceptChunk (c:\Users\maxo2\AppData\Local\Programs\Microsoft VS Code\resources\app\out\vs\workbench\services\extensions\node\extensionHostProcess.js:65:13186)
    at c:\Users\maxo2\AppData\Local\Programs\Microsoft VS Code\resources\app\out\vs\workbench\services\extensions\node\extensionHostProcess.js:65:12534
    at Socket.w (c:\Users\maxo2\AppData\Local\Programs\Microsoft VS Code\resources\app\out\vs\workbench\services\extensions\node\extensionHostProcess.js:104:13218)
    at Socket.emit (events.js:315:20)
    at addChunk (internal/streams/readable.js:309:12)
    at readableAddChunk (internal/streams/readable.js:284:9)
    at Socket.Readable.push (internal/streams/readable.js:223:10)
    at Pipe.onStreamRead (internal/stream_base_commons.js:188:23)
[2021-08-31 22:10:27.551] [renderer1] [error] IPyKernel not installed into interpreter Python 3.9.5 64-bit:C:\Python39\python.exe: Error: IPyKernel not installed into interpreter Python 3.9.5 64-bit:C:\Python39\python.exe
    at E.handleKernelDependencyResponse (c:\Users\maxo2\Documents\VSC-PROFILES\python\ms-toolsai.jupyter-2021.8.1236758218\out\client\extension.js:90:247249)
    at E.installMissingDependencies (c:\Users\maxo2\Documents\VSC-PROFILES\python\ms-toolsai.jupyter-2021.8.1236758218\out\client\extension.js:90:246271)
    at processTicksAndRejections (internal/process/task_queues.js:93:5)
[2021-08-31 22:11:24.099] [renderer1] [error] IPyKernel not installed into interpreter Python 3.9.5 64-bit:C:\Python39\python.exe: Error: IPyKernel not installed into interpreter Python 3.9.5 64-bit:C:\Python39\python.exe
    at E.handleKernelDependencyResponse (c:\Users\maxo2\Documents\VSC-PROFILES\python\ms-toolsai.jupyter-2021.8.1236758218\out\client\extension.js:90:247249)
    at E.installMissingDependencies (c:\Users\maxo2\Documents\VSC-PROFILES\python\ms-toolsai.jupyter-2021.8.1236758218\out\client\extension.js:90:246271)
    at runMicrotasks (<anonymous>)
    at processTicksAndRejections (internal/process/task_queues.js:93:5)
[2021-08-31 22:16:33.839] [renderer1] [warning] Settings pattern "keyboard.*" doesn't match any settings
