Info 2021-08-31 22:09:30: ZMQ install verified.
Info 2021-08-31 22:09:30: id is c97c6efa-0b9e-4666-8fbe-4f66b229bbbe
Info 2021-08-31 22:09:40: Process Execution: > C:\Python39\python.exe -c "import notebook"
> C:\Python39\python.exe -c "import notebook"
Info 2021-08-31 22:09:40: Process Execution: > C:\Python39\python.exe -c "import notebook"
> C:\Python39\python.exe -c "import notebook"
Info 2021-08-31 22:09:40: Process Execution: > C:\Python39\python.exe -c "import jupyter"
> C:\Python39\python.exe -c "import jupyter"
Info 2021-08-31 22:09:40: Process Execution: > C:\Python39\python.exe -c "import jupyter"
> C:\Python39\python.exe -c "import jupyter"
Info 2021-08-31 22:09:40: Process Execution: > C:\Python39\python.exe -m pip list
> C:\Python39\python.exe -m pip list
Info 2021-08-31 22:09:40: Process Execution: > C:\Python39\python.exe -m pip list
> C:\Python39\python.exe -m pip list
Info 2021-08-31 22:10:10: Attempting to start a server because of preload conditions ...
Info 2021-08-31 22:10:10: Cached data exists getEnvironmentVariables, <No Resource>
Info 2021-08-31 22:10:10: Setting setActiveController for vscode-interactive:Interactive-1.interactive
Info 2021-08-31 22:10:10: Intiailize notebook communications for editor vscode-interactive:Interactive-1.interactive
Info 2021-08-31 22:10:10: Resolving notebook UI Comms (resolve) for vscode-interactive:Interactive-1.interactive
Info 2021-08-31 22:10:10: initialize CommonMessageCoordinator
Info 2021-08-31 22:10:10: IPyWidgetMessageDispatcher.initialize
Info 2021-08-31 22:10:10: Created and initailized CommonMessageCoordinator
Info 2021-08-31 22:10:10: Attach Coordinator for vscode-interactive:Interactive-1.interactive
Info 2021-08-31 22:10:10: [32mPosting message to Notebook UI 
Info 2021-08-31 22:10:10: Cached data exists getEnvironmentVariables, <No Resource>
Info 2021-08-31 22:10:10: Starting Notebook in kernel.ts id = .jvsc74a57bd063fd5069d213b44bf678585dea6b12cceca9941eaf7f819626cde1f2670de90d.C:\Python39\python.exe.C:\Python39\python.exe.-m#ipykernel_launcher
Info 2021-08-31 22:10:10: Creating raw notebook for vscode-interactive:Interactive-1.interactive
Info 2021-08-31 22:10:10: Getting preferred kernel for vscode-interactive:Interactive-1.interactive
Info 2021-08-31 22:10:10: Computing working directory vscode-interactive:Interactive-1.interactive
Info 2021-08-31 22:10:10: Find preferred kernel for vscode-interactive:Interactive-1.interactive with metadata {} & preferred interpreter {"sysPrefix":"C:\\Python39","envType":"Global","envName":"","envPath":"","path":"C:\\Python39\\python.exe","architecture":3,"sysVersion":"3.9.5 (tags/v3.9.5:0a7dcbd, May  3 2021, 17:27:52) [MSC v.1928 64 bit (AMD64)]","version":{"raw":"3.9.5","major":3,"minor":9,"patch":5,"build":[],"prerelease":["final","0"]},"companyDisplayName":"PythonCore","displayName":"Python 3.9.5 64-bit"}
Info 2021-08-31 22:10:10: findPreferredKernel score for Python3, Python 3.9.5 64-bit is 10
Info 2021-08-31 22:10:10: findPreferredKernel score for Python 3.9.5 64-bit is 20
Info 2021-08-31 22:10:10: findKernel found Python 3.9.5 64-bit
Info 2021-08-31 22:10:10: Find kernel spec, Class name = C, completed in 170ms, has a truthy return value, Arg 1: <Uri:Interactive-1.interactive>, Arg 2: {}, Arg 3: {"_isCancelled":false,"_emitter":{"_disposed":false,"_listeners":{"_first":{"next":{},"prev":{}},"_last":{"next":{},"prev":{}},"_size":1}}}, Return Value: {"kind":"startUsingPythonInterpreter","kernelSpec":{"specFile":"C:\\Users\\maxo2\\AppData\\Roaming\\jupyter\\kernels\\python395jvsc74a57bd063fd5069d213b44bf678585dea6b12cceca9941eaf7f819626cde1f2670de90d\\kernel.json","interpreterPath":"C:\\Python39\\python.exe","name":"python395jvsc74a57bd063fd5069d213b44bf678585dea6b12cceca9941eaf7f819626cde1f2670de90d","argv":["python","-m","ipykernel_launcher","-f","{connection_file}"],"language":"python","path":"python","display_name":"Python 3.9.5 64-bit","metadata":{"interpreter":{"sysPrefix":"C:\\Python39","envType":"Global","envName":"","envPath":"","path":"C:\\Python39\\python.exe","architecture":3,"sysVersion":"3.9.5 (tags/v3.9.5:0a7dcbd, May  3 2021, 17:27:52) [MSC v.1928 64 bit (AMD64)]","version":{"raw":"3.9.5","major":3,"minor":9,"patch":5,"build":[],"prerelease":["final","0"]},"companyDisplayName":"PythonCore","displayName":"Python 3.9.5 64-bit"}},"env":{}},"interpreter":{"sysPrefix":"C:\\Python39","envType":"Global","envName":"","envPath":"","path":"C:\\Python39\\python.exe","architecture":3,"sysVersion":"3.9.5 (tags/v3.9.5:0a7dcbd, May  3 2021, 17:27:52) [MSC v.1928 64 bit (AMD64)]","version":{"raw":"3.9.5","major":3,"minor":9,"patch":5,"build":[],"prerelease":["final","0"]},"companyDisplayName":"PythonCore","displayName":"Python 3.9.5 64-bit"},"id":".jvsc74a57bd063fd5069d213b44bf678585dea6b12cceca9941eaf7f819626cde1f2670de90d.C:\\Python39\\python.exe.C:\\Python39\\python.exe.-m#ipykernel_launcher"}
Info 2021-08-31 22:10:10: PreferredConnection: .jvsc74a57bd063fd5069d213b44bf678585dea6b12cceca9941eaf7f819626cde1f2670de90d.C:\Python39\python.exe.C:\Python39\python.exe.-m#ipykernel_launcher found for NotebookDocument: vscode-interactive:Interactive-1.interactive
Info 2021-08-31 22:10:10: TargetController found ID: .jvsc74a57bd063fd5069d213b44bf678585dea6b12cceca9941eaf7f819626cde1f2670de90d.C:\Python39\python.exe.C:\Python39\python.exe.-m#ipykernel_launcher for document vscode-interactive:Interactive-1.interactive
Info 2021-08-31 22:10:10: Setting controller affinity for vscode-interactive:Interactive-1.interactive .jvsc74a57bd063fd5069d213b44bf678585dea6b12cceca9941eaf7f819626cde1f2670de90d.C:\Python39\python.exe.C:\Python39\python.exe.-m#ipykernel_launcher
Info 2021-08-31 22:10:10: Connecting to raw session for vscode-interactive:Interactive-1.interactive with connection {"kind":"startUsingPythonInterpreter","kernelSpec":{"interpreterPath":"C:\\Python39\\python.exe","name":"python395jvsc74a57bd063fd5069d213b44bf678585dea6b12cceca9941eaf7f819626cde1f2670de90d","argv":["python","-m","ipykernel_launcher","-f","{connection_file}"],"language":"python","path":"python","display_name":"Python 3.9.5 64-bit","metadata":{"interpreter":{"sysPrefix":"C:\\Python39","envType":"Global","envName":"","envPath":"","path":"C:\\Python39\\python.exe","architecture":3,"sysVersion":"3.9.5 (tags/v3.9.5:0a7dcbd, May  3 2021, 17:27:52) [MSC v.1928 64 bit (AMD64)]","version":{"raw":"3.9.5","major":3,"minor":9,"patch":5,"build":[],"prerelease":["final","0"]},"companyDisplayName":"PythonCore","displayName":"Python 3.9.5 64-bit"}},"env":{}},"interpreter":{"sysPrefix":"C:\\Python39","envType":"Global","envName":"","envPath":"","path":"C:\\Python39\\python.exe","architecture":3,"sysVersion":"3.9.5 (tags/v3.9.5:0a7dcbd, May  3 2021, 17:27:52) [MSC v.1928 64 bit (AMD64)]","version":{"raw":"3.9.5","major":3,"minor":9,"patch":5,"build":[],"prerelease":["final","0"]},"companyDisplayName":"PythonCore","displayName":"Python 3.9.5 64-bit"},"id":".jvsc74a57bd063fd5069d213b44bf678585dea6b12cceca9941eaf7f819626cde1f2670de90d.C:\\Python39\\python.exe.C:\\Python39\\python.exe.-m#ipykernel_launcher"}
Info 2021-08-31 22:10:10: Starting raw kernel Python 3.9.5 64-bit
Info 2021-08-31 22:10:10: installMissingDependencies C:\Python39\python.exe
Info 2021-08-31 22:10:10: Cached data exists getEnvironmentVariables, <No Resource>
Info 2021-08-31 22:10:10: Process Execution: > C:\Python39\python.exe -m pip list
> C:\Python39\python.exe -m pip list
Info 2021-08-31 22:10:10: Process Execution: > C:\Python39\python.exe -m pip list
> C:\Python39\python.exe -m pip list
Info 2021-08-31 22:10:10: Cached data exists getEnvironmentVariables, <No Resource>
Info 2021-08-31 22:10:10: Process Execution: > C:\Python39\python.exe -c "import ipykernel"
> C:\Python39\python.exe -c "import ipykernel"
Info 2021-08-31 22:10:10: Process Execution: > C:\Python39\python.exe -c "import ipykernel"
> C:\Python39\python.exe -c "import ipykernel"
Info 2021-08-31 22:10:11: [32mWidget Coordinator received IPyWidgets_Ready
Info 2021-08-31 22:10:18: Cached data exists getEnvironmentVariables, <No Resource>
Info 2021-08-31 22:10:18: Process Execution: > C:\Python39\python.exe -m pip list
> C:\Python39\python.exe -m pip list
Info 2021-08-31 22:10:18: Process Execution: > C:\Python39\python.exe -m pip list
> C:\Python39\python.exe -m pip list
Error 2021-08-31 22:10:26: Install Missing Dependencies, Class name = E, completed in 15778ms, has a falsy return value, Return Value: undefined a [Error]: IPyKernel not installed into interpreter Python 3.9.5 64-bit:C:\Python39\python.exe
    at E.handleKernelDependencyResponse (c:\Users\maxo2\Documents\VSC-PROFILES\python\ms-toolsai.jupyter-2021.8.1236758218\out\client\extension.js:90:247249)
    at E.installMissingDependencies (c:\Users\maxo2\Documents\VSC-PROFILES\python\ms-toolsai.jupyter-2021.8.1236758218\out\client\extension.js:90:246271)
    at processTicksAndRejections (internal/process/task_queues.js:93:5) {
  category: 'noipykernel',
  reason: 2
}
Error 2021-08-31 22:10:26: Raw session failed to start because dependencies not installed
Info 2021-08-31 22:10:26: Shutdown session -- complete
Error 2021-08-31 22:10:26: failed to create INotebook in kernel, UI Disabled = false a [Error]: IPyKernel not installed into interpreter Python 3.9.5 64-bit:C:\Python39\python.exe
    at E.handleKernelDependencyResponse (c:\Users\maxo2\Documents\VSC-PROFILES\python\ms-toolsai.jupyter-2021.8.1236758218\out\client\extension.js:90:247249)
    at E.installMissingDependencies (c:\Users\maxo2\Documents\VSC-PROFILES\python\ms-toolsai.jupyter-2021.8.1236758218\out\client\extension.js:90:246271)
    at processTicksAndRejections (internal/process/task_queues.js:93:5) {
  category: 'noipykernel',
  reason: 2
}
Error 2021-08-31 22:10:26: DataScience Error a [Error]: IPyKernel not installed into interpreter Python 3.9.5 64-bit:C:\Python39\python.exe
    at E.handleKernelDependencyResponse (c:\Users\maxo2\Documents\VSC-PROFILES\python\ms-toolsai.jupyter-2021.8.1236758218\out\client\extension.js:90:247249)
    at E.installMissingDependencies (c:\Users\maxo2\Documents\VSC-PROFILES\python\ms-toolsai.jupyter-2021.8.1236758218\out\client\extension.js:90:246271)
    at processTicksAndRejections (internal/process/task_queues.js:93:5) {
  category: 'noipykernel',
  reason: 2
}
Error 2021-08-31 22:10:26: failed to start INotebook in kernel, UI Disabled = false a [Error]: IPyKernel not installed into interpreter Python 3.9.5 64-bit:C:\Python39\python.exe
    at E.handleKernelDependencyResponse (c:\Users\maxo2\Documents\VSC-PROFILES\python\ms-toolsai.jupyter-2021.8.1236758218\out\client\extension.js:90:247249)
    at E.installMissingDependencies (c:\Users\maxo2\Documents\VSC-PROFILES\python\ms-toolsai.jupyter-2021.8.1236758218\out\client\extension.js:90:246271)
    at processTicksAndRejections (internal/process/task_queues.js:93:5) {
  category: 'noipykernel',
  reason: 2
}
Error 2021-08-31 22:10:26: DataScience Error a [Error]: IPyKernel not installed into interpreter Python 3.9.5 64-bit:C:\Python39\python.exe
    at E.handleKernelDependencyResponse (c:\Users\maxo2\Documents\VSC-PROFILES\python\ms-toolsai.jupyter-2021.8.1236758218\out\client\extension.js:90:247249)
    at E.installMissingDependencies (c:\Users\maxo2\Documents\VSC-PROFILES\python\ms-toolsai.jupyter-2021.8.1236758218\out\client\extension.js:90:246271)
    at processTicksAndRejections (internal/process/task_queues.js:93:5) {
  category: 'noipykernel',
  reason: 2
}
Info 2021-08-31 22:10:48: Restart requested vscode-interactive:Interactive-1.interactive
Info 2021-08-31 22:10:48: Restart kernel execution
Info 2021-08-31 22:10:48: No notebook to interrupt
Info 2021-08-31 22:11:13: Execute Cells request 1 1
Info 2021-08-31 22:11:13: Execute Cell 1 vscode-interactive:Interactive-1.interactive
Info 2021-08-31 22:11:13: Cell Index:1, state:undefined, exec: undefined. User queued cell for execution
Info 2021-08-31 22:11:13: Starting Notebook in kernel.ts id = .jvsc74a57bd063fd5069d213b44bf678585dea6b12cceca9941eaf7f819626cde1f2670de90d.C:\Python39\python.exe.C:\Python39\python.exe.-m#ipykernel_launcher
Info 2021-08-31 22:11:13: Creating raw notebook for vscode-interactive:Interactive-1.interactive
Info 2021-08-31 22:11:13: Getting preferred kernel for vscode-interactive:Interactive-1.interactive
Info 2021-08-31 22:11:13: Computing working directory vscode-interactive:Interactive-1.interactive
Info 2021-08-31 22:11:13: Connecting to raw session for vscode-interactive:Interactive-1.interactive with connection {"kind":"startUsingPythonInterpreter","kernelSpec":{"interpreterPath":"C:\\Python39\\python.exe","name":"python395jvsc74a57bd063fd5069d213b44bf678585dea6b12cceca9941eaf7f819626cde1f2670de90d","argv":["python","-m","ipykernel_launcher","-f","{connection_file}"],"language":"python","path":"python","display_name":"Python 3.9.5 64-bit","metadata":{"interpreter":{"sysPrefix":"C:\\Python39","envType":"Global","envName":"","envPath":"","path":"C:\\Python39\\python.exe","architecture":3,"sysVersion":"3.9.5 (tags/v3.9.5:0a7dcbd, May  3 2021, 17:27:52) [MSC v.1928 64 bit (AMD64)]","version":{"raw":"3.9.5","major":3,"minor":9,"patch":5,"build":[],"prerelease":["final","0"]},"companyDisplayName":"PythonCore","displayName":"Python 3.9.5 64-bit"}},"env":{}},"interpreter":{"sysPrefix":"C:\\Python39","envType":"Global","envName":"","envPath":"","path":"C:\\Python39\\python.exe","architecture":3,"sysVersion":"3.9.5 (tags/v3.9.5:0a7dcbd, May  3 2021, 17:27:52) [MSC v.1928 64 bit (AMD64)]","version":{"raw":"3.9.5","major":3,"minor":9,"patch":5,"build":[],"prerelease":["final","0"]},"companyDisplayName":"PythonCore","displayName":"Python 3.9.5 64-bit"},"id":".jvsc74a57bd063fd5069d213b44bf678585dea6b12cceca9941eaf7f819626cde1f2670de90d.C:\\Python39\\python.exe.C:\\Python39\\python.exe.-m#ipykernel_launcher"}
Info 2021-08-31 22:11:13: Starting raw kernel Python 3.9.5 64-bit
Info 2021-08-31 22:11:13: installMissingDependencies C:\Python39\python.exe
Info 2021-08-31 22:11:13: Cached data exists getEnvironmentVariables, <No Resource>
Info 2021-08-31 22:11:13: Process Execution: > C:\Python39\python.exe -c "import ipykernel"
> C:\Python39\python.exe -c "import ipykernel"
Info 2021-08-31 22:11:13: Process Execution: > C:\Python39\python.exe -c "import ipykernel"
> C:\Python39\python.exe -c "import ipykernel"
Info 2021-08-31 22:11:17: Cached data exists getEnvironmentVariables, <No Resource>
Info 2021-08-31 22:11:17: Process Execution: > C:\Python39\python.exe -m pip list
> C:\Python39\python.exe -m pip list
Info 2021-08-31 22:11:17: Process Execution: > C:\Python39\python.exe -m pip list
> C:\Python39\python.exe -m pip list
Error 2021-08-31 22:11:23: Install Missing Dependencies, Class name = E, completed in 9661ms, has a falsy return value, Return Value: undefined a [Error]: IPyKernel not installed into interpreter Python 3.9.5 64-bit:C:\Python39\python.exe
    at E.handleKernelDependencyResponse (c:\Users\maxo2\Documents\VSC-PROFILES\python\ms-toolsai.jupyter-2021.8.1236758218\out\client\extension.js:90:247249)
    at E.installMissingDependencies (c:\Users\maxo2\Documents\VSC-PROFILES\python\ms-toolsai.jupyter-2021.8.1236758218\out\client\extension.js:90:246271)
    at runMicrotasks (<anonymous>)
    at processTicksAndRejections (internal/process/task_queues.js:93:5) {
  category: 'noipykernel',
  reason: 2
}
Error 2021-08-31 22:11:23: Raw session failed to start because dependencies not installed
Info 2021-08-31 22:11:23: Shutdown session -- complete
Error 2021-08-31 22:11:23: failed to create INotebook in kernel, UI Disabled = false a [Error]: IPyKernel not installed into interpreter Python 3.9.5 64-bit:C:\Python39\python.exe
    at E.handleKernelDependencyResponse (c:\Users\maxo2\Documents\VSC-PROFILES\python\ms-toolsai.jupyter-2021.8.1236758218\out\client\extension.js:90:247249)
    at E.installMissingDependencies (c:\Users\maxo2\Documents\VSC-PROFILES\python\ms-toolsai.jupyter-2021.8.1236758218\out\client\extension.js:90:246271)
    at runMicrotasks (<anonymous>)
    at processTicksAndRejections (internal/process/task_queues.js:93:5) {
  category: 'noipykernel',
  reason: 2
}
Error 2021-08-31 22:11:23: DataScience Error a [Error]: IPyKernel not installed into interpreter Python 3.9.5 64-bit:C:\Python39\python.exe
    at E.handleKernelDependencyResponse (c:\Users\maxo2\Documents\VSC-PROFILES\python\ms-toolsai.jupyter-2021.8.1236758218\out\client\extension.js:90:247249)
    at E.installMissingDependencies (c:\Users\maxo2\Documents\VSC-PROFILES\python\ms-toolsai.jupyter-2021.8.1236758218\out\client\extension.js:90:246271)
    at runMicrotasks (<anonymous>)
    at processTicksAndRejections (internal/process/task_queues.js:93:5) {
  category: 'noipykernel',
  reason: 2
}
Error 2021-08-31 22:11:23: failed to start INotebook in kernel, UI Disabled = false a [Error]: IPyKernel not installed into interpreter Python 3.9.5 64-bit:C:\Python39\python.exe
    at E.handleKernelDependencyResponse (c:\Users\maxo2\Documents\VSC-PROFILES\python\ms-toolsai.jupyter-2021.8.1236758218\out\client\extension.js:90:247249)
    at E.installMissingDependencies (c:\Users\maxo2\Documents\VSC-PROFILES\python\ms-toolsai.jupyter-2021.8.1236758218\out\client\extension.js:90:246271)
    at runMicrotasks (<anonymous>)
    at processTicksAndRejections (internal/process/task_queues.js:93:5) {
  category: 'noipykernel',
  reason: 2
}
Error 2021-08-31 22:11:23: Failed to execute cells in CellExecutionQueue a [Error]: IPyKernel not installed into interpreter Python 3.9.5 64-bit:C:\Python39\python.exe
    at E.handleKernelDependencyResponse (c:\Users\maxo2\Documents\VSC-PROFILES\python\ms-toolsai.jupyter-2021.8.1236758218\out\client\extension.js:90:247249)
    at E.installMissingDependencies (c:\Users\maxo2\Documents\VSC-PROFILES\python\ms-toolsai.jupyter-2021.8.1236758218\out\client\extension.js:90:246271)
    at runMicrotasks (<anonymous>)
    at processTicksAndRejections (internal/process/task_queues.js:93:5) {
  category: 'noipykernel',
  reason: 2
}
Info 2021-08-31 22:11:23: Cancel pending cells
Info 2021-08-31 22:11:23: Cell Index:1, state:2, exec: undefined. Execution cancelled
Info 2021-08-31 22:11:23: Cell Index:1, state:2, exec: undefined. Completed due to cancellation
Info 2021-08-31 22:11:23: Cell Index:1, state:2, exec: undefined. Cell cancelled & resolving
Info 2021-08-31 22:11:23: Cell Index:1, state:2, exec: undefined. Execution disposed
Info 2021-08-31 22:15:27: Notebook Closed vscode-interactive:Interactive-1.interactive
Info 2021-08-31 22:15:27: Kernel got disposed as a result of closing the notebook vscode-interactive:Interactive-1.interactive
Info 2021-08-31 22:15:27: Dispose kernel vscode-interactive:Interactive-1.interactive
Info 2021-08-31 22:15:27: Closing interactive window: 
Info 2021-08-31 22:15:27: Cancel pending cells
Info 2021-08-31 22:15:32: Attempting to start a server because of preload conditions ...
Info 2021-08-31 22:15:32: Setting setActiveController for vscode-interactive:Interactive-1.interactive
Info 2021-08-31 22:15:32: Intiailize notebook communications for editor vscode-interactive:Interactive-1.interactive
Info 2021-08-31 22:15:32: Resolving notebook UI Comms (resolve) for vscode-interactive:Interactive-1.interactive
Info 2021-08-31 22:15:32: initialize CommonMessageCoordinator
Info 2021-08-31 22:15:32: Find preferred kernel for vscode-interactive:Interactive-1.interactive with metadata {} & preferred interpreter {"sysPrefix":"C:\\Python39","envType":"Global","envName":"","envPath":"","path":"C:\\Python39\\python.exe","architecture":3,"sysVersion":"3.9.5 (tags/v3.9.5:0a7dcbd, May  3 2021, 17:27:52) [MSC v.1928 64 bit (AMD64)]","version":{"raw":"3.9.5","major":3,"minor":9,"patch":5,"build":[],"prerelease":["final","0"]},"companyDisplayName":"PythonCore","displayName":"Python 3.9.5 64-bit"}
Info 2021-08-31 22:15:32: findPreferredKernel score for Python3, Python 3.9.5 64-bit is 10
Info 2021-08-31 22:15:32: findPreferredKernel score for Python 3.9.5 64-bit is 20
Info 2021-08-31 22:15:32: findKernel found Python 3.9.5 64-bit
Info 2021-08-31 22:15:32: Find kernel spec, Class name = C, completed in 3ms, has a truthy return value, Arg 1: <Uri:Interactive-1.interactive>, Arg 2: {}, Arg 3: {"_isCancelled":false,"_emitter":{"_disposed":false,"_listeners":{"_first":{"next":{},"prev":{}},"_last":{"next":{},"prev":{}},"_size":1}}}, Return Value: {"kind":"startUsingPythonInterpreter","kernelSpec":{"specFile":"C:\\Users\\maxo2\\AppData\\Roaming\\jupyter\\kernels\\python395jvsc74a57bd063fd5069d213b44bf678585dea6b12cceca9941eaf7f819626cde1f2670de90d\\kernel.json","interpreterPath":"C:\\Python39\\python.exe","name":"python395jvsc74a57bd063fd5069d213b44bf678585dea6b12cceca9941eaf7f819626cde1f2670de90d","argv":["python","-m","ipykernel_launcher","-f","{connection_file}"],"language":"python","path":"python","display_name":"Python 3.9.5 64-bit","metadata":{"interpreter":{"sysPrefix":"C:\\Python39","envType":"Global","envName":"","envPath":"","path":"C:\\Python39\\python.exe","architecture":3,"sysVersion":"3.9.5 (tags/v3.9.5:0a7dcbd, May  3 2021, 17:27:52) [MSC v.1928 64 bit (AMD64)]","version":{"raw":"3.9.5","major":3,"minor":9,"patch":5,"build":[],"prerelease":["final","0"]},"companyDisplayName":"PythonCore","displayName":"Python 3.9.5 64-bit"}},"env":{}},"interpreter":{"sysPrefix":"C:\\Python39","envType":"Global","envName":"","envPath":"","path":"C:\\Python39\\python.exe","architecture":3,"sysVersion":"3.9.5 (tags/v3.9.5:0a7dcbd, May  3 2021, 17:27:52) [MSC v.1928 64 bit (AMD64)]","version":{"raw":"3.9.5","major":3,"minor":9,"patch":5,"build":[],"prerelease":["final","0"]},"companyDisplayName":"PythonCore","displayName":"Python 3.9.5 64-bit"},"id":".jvsc74a57bd063fd5069d213b44bf678585dea6b12cceca9941eaf7f819626cde1f2670de90d.C:\\Python39\\python.exe.C:\\Python39\\python.exe.-m#ipykernel_launcher"}
Info 2021-08-31 22:15:32: PreferredConnection: .jvsc74a57bd063fd5069d213b44bf678585dea6b12cceca9941eaf7f819626cde1f2670de90d.C:\Python39\python.exe.C:\Python39\python.exe.-m#ipykernel_launcher found for NotebookDocument: vscode-interactive:Interactive-1.interactive
Info 2021-08-31 22:15:32: TargetController found ID: .jvsc74a57bd063fd5069d213b44bf678585dea6b12cceca9941eaf7f819626cde1f2670de90d.C:\Python39\python.exe.C:\Python39\python.exe.-m#ipykernel_launcher for document vscode-interactive:Interactive-1.interactive
Info 2021-08-31 22:15:32: Setting controller affinity for vscode-interactive:Interactive-1.interactive .jvsc74a57bd063fd5069d213b44bf678585dea6b12cceca9941eaf7f819626cde1f2670de90d.C:\Python39\python.exe.C:\Python39\python.exe.-m#ipykernel_launcher
Info 2021-08-31 22:15:32: IPyWidgetMessageDispatcher.initialize
Info 2021-08-31 22:15:32: Created and initailized CommonMessageCoordinator
Info 2021-08-31 22:15:32: Attach Coordinator for vscode-interactive:Interactive-1.interactive
Info 2021-08-31 22:15:32: [32mPosting message to Notebook UI 
Info 2021-08-31 22:15:32: Cached data exists getEnvironmentVariables, <No Resource>
Info 2021-08-31 22:15:32: Process Execution: > C:\Python39\python.exe -m pip list
> C:\Python39\python.exe -m pip list
Info 2021-08-31 22:15:32: Process Execution: > C:\Python39\python.exe -m pip list
> C:\Python39\python.exe -m pip list
Info 2021-08-31 22:15:32: Starting Notebook in kernel.ts id = .jvsc74a57bd063fd5069d213b44bf678585dea6b12cceca9941eaf7f819626cde1f2670de90d.C:\Python39\python.exe.C:\Python39\python.exe.-m#ipykernel_launcher
Info 2021-08-31 22:15:32: Creating raw notebook for vscode-interactive:Interactive-1.interactive
Info 2021-08-31 22:15:32: Getting preferred kernel for vscode-interactive:Interactive-1.interactive
Info 2021-08-31 22:15:32: Computing working directory vscode-interactive:Interactive-1.interactive
Info 2021-08-31 22:15:32: Connecting to raw session for vscode-interactive:Interactive-1.interactive with connection {"kind":"startUsingPythonInterpreter","kernelSpec":{"interpreterPath":"C:\\Python39\\python.exe","name":"python395jvsc74a57bd063fd5069d213b44bf678585dea6b12cceca9941eaf7f819626cde1f2670de90d","argv":["python","-m","ipykernel_launcher","-f","{connection_file}"],"language":"python","path":"python","display_name":"Python 3.9.5 64-bit","metadata":{"interpreter":{"sysPrefix":"C:\\Python39","envType":"Global","envName":"","envPath":"","path":"C:\\Python39\\python.exe","architecture":3,"sysVersion":"3.9.5 (tags/v3.9.5:0a7dcbd, May  3 2021, 17:27:52) [MSC v.1928 64 bit (AMD64)]","version":{"raw":"3.9.5","major":3,"minor":9,"patch":5,"build":[],"prerelease":["final","0"]},"companyDisplayName":"PythonCore","displayName":"Python 3.9.5 64-bit"}},"env":{}},"interpreter":{"sysPrefix":"C:\\Python39","envType":"Global","envName":"","envPath":"","path":"C:\\Python39\\python.exe","architecture":3,"sysVersion":"3.9.5 (tags/v3.9.5:0a7dcbd, May  3 2021, 17:27:52) [MSC v.1928 64 bit (AMD64)]","version":{"raw":"3.9.5","major":3,"minor":9,"patch":5,"build":[],"prerelease":["final","0"]},"companyDisplayName":"PythonCore","displayName":"Python 3.9.5 64-bit"},"id":".jvsc74a57bd063fd5069d213b44bf678585dea6b12cceca9941eaf7f819626cde1f2670de90d.C:\\Python39\\python.exe.C:\\Python39\\python.exe.-m#ipykernel_launcher"}
Info 2021-08-31 22:15:32: Starting raw kernel Python 3.9.5 64-bit
Info 2021-08-31 22:15:32: installMissingDependencies C:\Python39\python.exe
Info 2021-08-31 22:15:32: Cached data exists getEnvironmentVariables, <No Resource>
Info 2021-08-31 22:15:32: Process Execution: > C:\Python39\python.exe -c "import ipykernel"
> C:\Python39\python.exe -c "import ipykernel"
Info 2021-08-31 22:15:32: Process Execution: > C:\Python39\python.exe -c "import ipykernel"
> C:\Python39\python.exe -c "import ipykernel"
Info 2021-08-31 22:15:32: [32mWidget Coordinator received IPyWidgets_Ready
Info 2021-08-31 22:15:32: Install Missing Dependencies, Class name = E, completed in 418ms, has a falsy return value, Return Value: undefined
Info 2021-08-31 22:15:32: Kernel launching with ports 9000,9001,9002,9003,9004. Start port is 9000
Info 2021-08-31 22:15:32: Launching kernel daemon for Python 3.9.5 64-bit # C:\Python39\python.exe
Info 2021-08-31 22:15:32: No custom variables for Kernel as interpreter is not conda, but is Global
Info 2021-08-31 22:15:32: Cached data exists getEnvironmentVariables, c:\Users\maxo2\Documents\Universidad\Programación\IA\prueba.py
Info 2021-08-31 22:15:32: Creating daemon process for C:\Python39\python.exe with env variables count 0
Info 2021-08-31 22:15:32: Process Execution: > C:\Python39\python.exe -m vscode_datascience_helpers.daemon --daemon-module=vscode_datascience_helpers.kernel_launcher_daemon -v
> C:\Python39\python.exe -m vscode_datascience_helpers.daemon --daemon-module=vscode_datascience_helpers.kernel_launcher_daemon -v
Info 2021-08-31 22:15:32: Process Execution: > C:\Python39\python.exe -m vscode_datascience_helpers.daemon --daemon-module=vscode_datascience_helpers.kernel_launcher_daemon -v
> C:\Python39\python.exe -m vscode_datascience_helpers.daemon --daemon-module=vscode_datascience_helpers.kernel_launcher_daemon -v
Info 2021-08-31 22:15:32: Starting kernel from scratch with options {"cwd":"c:\\Users\\maxo2\\Documents\\Universidad\\Programación\\IA"}
Info 2021-08-31 22:15:32: Python Daemon (pid: 15764): Execute rpc method exec_module in DS Daemon
Info 2021-08-31 22:15:32: Python Daemon (pid: 15764): Execute rpc method exec_module from C:\Python39\python.exe
Info 2021-08-31 22:15:32: Python Daemon (pid: 15764): Exec module in DS Kernel Launcher Daemon ipykernel_launcher with args ['--ip=127.0.0.1', '--stdin=9003', '--control=9001', '--hb=9000', '--Session.signature_scheme="hmac-sha256"', '--Session.key=b"5bc481ce-0961-4d81-af5a-c35bbd76678f"', '--shell=9002', '--transport="tcp"', '--iopub=9004', '--f=C:\\Users\\maxo2\\AppData\\Local\\Temp\\tmp-16292Y6ju6L66Two6.json']
Info 2021-08-31 22:15:32: Python Daemon (pid: 15764): Exec in DS Kernel Launcher Daemon (observable) ipykernel_launcher with args ['--ip=127.0.0.1', '--stdin=9003', '--control=9001', '--hb=9000', '--Session.signature_scheme="hmac-sha256"', '--Session.key=b"5bc481ce-0961-4d81-af5a-c35bbd76678f"', '--shell=9002', '--transport="tcp"', '--iopub=9004', '--f=C:\\Users\\maxo2\\AppData\\Local\\Temp\\tmp-16292Y6ju6L66Two6.json']
Info 2021-08-31 22:15:32: Python Daemon (pid: 15764): Exec in DS Kernel Launcher Daemon (observable) ['C:\\Python39\\python.exe', '-m', 'ipykernel_launcher', '--ip=127.0.0.1', '--stdin=9003', '--control=9001', '--hb=9000', '--Session.signature_scheme="hmac-sha256"', '--Session.key=b"5bc481ce-0961-4d81-af5a-c35bbd76678f"', '--shell=9002', '--transport="tcp"', '--iopub=9004', '--f=C:\\Users\\maxo2\\AppData\\Local\\Temp\\tmp-16292Y6ju6L66Two6.json']
Info 2021-08-31 22:15:32: Python Daemon (pid: 15764): Exec in DS Kernel Launcher Daemon (observable)
Info 2021-08-31 22:15:32: Python Daemon (pid: 15764): Kernel launched, with PID 14816
Warn 2021-08-31 22:15:32: Python Daemon (pid: 15764): Waiting for Kernel to die 14816
Info 2021-08-31 22:15:32: Launching kernel daemon, Class name = f, completed in 211ms, has a truthy return value, Arg 1: <Uri:c:\Users\maxo2\Documents\Universidad\Programación\IA\prueba.py>, Arg 2: "c:\\Users\\maxo2\\Documents\\Universidad\\Programación\\IA", Arg 3: {"interpreterPath":"C:\\Python39\\python.exe","name":"python395jvsc74a57bd063fd5069d213b44bf678585dea6b12cceca9941eaf7f819626cde1f2670de90d","argv":["python","-m","ipykernel_launcher","--ip=127.0.0.1","--stdin=9003","--control=9001","--hb=9000","--Session.signature_scheme=\"hmac-sha256\"","--Session.key=b\"5bc481ce-0961-4d81-af5a-c35bbd76678f\"","--shell=9002","--transport=\"tcp\"","--iopub=9004","--f=C:\\Users\\maxo2\\AppData\\Local\\Temp\\tmp-16292Y6ju6L66Two6.json"],"language":"python","path":"python","display_name":"Python 3.9.5 64-bit","metadata":{"interpreter":{"sysPrefix":"C:\\Python39","envType":"Global","envName":"","envPath":"","path":"C:\\Python39\\python.exe","architecture":3,"sysVersion":"3.9.5 (tags/v3.9.5:0a7dcbd, May  3 2021, 17:27:52) [MSC v.1928 64 bit (AMD64)]","version":{"raw":"3.9.5","major":3,"minor":9,"patch":5,"build":[],"prerelease":["final","0"]},"companyDisplayName":"PythonCore","displayName":"Python 3.9.5 64-bit"}},"env":{}}, Arg 4: {"sysPrefix":"C:\\Python39","envType":"Global","envName":"","envPath":"","path":"C:\\Python39\\python.exe","architecture":3,"sysVersion":"3.9.5 (tags/v3.9.5:0a7dcbd, May  3 2021, 17:27:52) [MSC v.1928 64 bit (AMD64)]","version":{"raw":"3.9.5","major":3,"minor":9,"patch":5,"build":[],"prerelease":["final","0"]},"companyDisplayName":"PythonCore","displayName":"Python 3.9.5 64-bit"}, Return Value: <Return value cannot be serialized for logging>
Info 2021-08-31 22:15:32: Launching kernel in kernelProcess.ts, Class name = b, completed in 211ms, has a truthy return value, Arg 1: "c:\\Users\\maxo2\\Documents\\Universidad\\Programación\\IA", Return Value: {"proc":{"_events":{},"_eventsCount":2,"_closesNeeded":3,"_closesGot":0,"connected":false,"signalCode":null,"exitCode":null,"killed":false,"spawnfile":"C:\\Python39\\python.exe","_handle":{"pid":15764},"spawnargs":["C:\\Python39\\python.exe","-m","vscode_datascience_helpers.daemon","--daemon-module=vscode_datascience_helpers.kernel_launcher_daemon","-v"],"pid":15764,"stdin":{"connecting":false,"_hadError":false,"_parent":null,"_host":null,"_readableState":{"objectMode":false,"highWaterMark":16384,"buffer":{"head":null,"tail":null,"length":0},"length":0,"pipes":[],"flowing":null,"ended":false,"endEmitted":false,"reading":false,"sync":true,"needReadable":false,"emittedReadable":false,"readableListening":false,"resumeScheduled":false,"errorEmitted":false,"emitClose":false,"autoDestroy":false,"destroyed":false,"errored":null,"closed":false,"closeEmitted":false,"defaultEncoding":"utf8","awaitDrainWriters":null,"multiAwaitDrain":false,"readingMore":false,"decoder":null,"encoding":null,"readable":false},"_events":{},"_eventsCount":3,"_writableState":{"objectMode":false,"highWaterMark":16384,"finalCalled":false,"needDrain":false,"ending":false,"ended":false,"finished":false,"destroyed":false,"decodeStrings":false,"defaultEncoding":"utf8","length":0,"writing":false,"corked":0,"sync":false,"bufferProcessing":false,"writecb":null,"writelen":0,"afterWriteTickInfo":null,"buffered":[],"bufferedIndex":0,"allBuffers":true,"allNoop":true,"pendingcb":0,"prefinished":false,"errorEmitted":false,"emitClose":false,"autoDestroy":false,"errored":null,"closed":false,"closeEmitted":false},"allowHalfOpen":false,"_sockname":null,"_pendingData":null,"_pendingEncoding":"","server":null,"_server":null},"stdout":{"connecting":false,"_hadError":false,"_parent":null,"_host":null,"_readableState":{"objectMode":false,"highWaterMark":16384,"buffer":{"head":null,"tail":null,"length":0},"length":0,"pipes":[],"flowing":true,"ended":false,"endEmitted":false,"reading":true,"sync":false,"needReadable":true,"emittedReadable":false,"readableListening":false,"resumeScheduled":false,"errorEmitted":false,"emitClose":false,"autoDestroy":false,"destroyed":false,"errored":null,"closed":false,"closeEmitted":false,"defaultEncoding":"utf8","awaitDrainWriters":null,"multiAwaitDrain":false,"readingMore":false,"decoder":null,"encoding":null},"_events":{"close":[null,null]},"_eventsCount":4,"_writableState":{"objectMode":false,"highWaterMark":16384,"finalCalled":false,"needDrain":false,"ending":false,"ended":false,"finished":false,"destroyed":false,"decodeStrings":false,"defaultEncoding":"utf8","length":0,"writing":false,"corked":0,"sync":true,"bufferProcessing":false,"writecb":null,"writelen":0,"afterWriteTickInfo":null,"buffered":[],"bufferedIndex":0,"allBuffers":true,"allNoop":true,"pendingcb":0,"prefinished":false,"errorEmitted":false,"emitClose":false,"autoDestroy":false,"errored":null,"closed":false,"writable":false,"closeEmitted":false},"allowHalfOpen":false,"_sockname":null,"_pendingData":null,"_pendingEncoding":"","server":null,"_server":null},"stderr":{"connecting":false,"_hadError":false,"_parent":null,"_host":null,"_readableState":{"objectMode":false,"highWaterMark":16384,"buffer":{"head":null,"tail":null,"length":0},"length":0,"pipes":[],"flowing":true,"ended":false,"endEmitted":false,"reading":true,"sync":false,"needReadable":true,"emittedReadable":false,"readableListening":false,"resumeScheduled":false,"errorEmitted":false,"emitClose":false,"autoDestroy":false,"destroyed":false,"errored":null,"closed":false,"closeEmitted":false,"defaultEncoding":"utf8","awaitDrainWriters":null,"multiAwaitDrain":false,"readingMore":false,"decoder":null,"encoding":null},"_events":{},"_eventsCount":3,"_writableState":{"objectMode":false,"highWaterMark":16384,"finalCalled":false,"needDrain":false,"ending":false,"ended":false,"finished":false,"destroyed":false,"decodeStrings":false,"defaultEncoding":"utf8","length":0,"writing":false,"corked":0,"sync":true,"bufferProcessing":false,"writecb":null,"writelen":0,"afterWriteTickInfo":null,"buffered":[],"bufferedIndex":0,"allBuffers":true,"allNoop":true,"pendingcb":0,"prefinished":false,"errorEmitted":false,"emitClose":false,"autoDestroy":false,"errored":null,"closed":false,"writable":false,"closeEmitted":false},"allowHalfOpen":false,"_sockname":null,"_pendingData":null,"_pendingEncoding":"","server":null,"_server":null},"stdio":[{"connecting":false,"_hadError":false,"_parent":null,"_host":null,"_readableState":{"objectMode":false,"highWaterMark":16384,"buffer":{"head":null,"tail":null,"length":0},"length":0,"pipes":[],"flowing":null,"ended":false,"endEmitted":false,"reading":false,"sync":true,"needReadable":false,"emittedReadable":false,"readableListening":false,"resumeScheduled":false,"errorEmitted":false,"emitClose":false,"autoDestroy":false,"destroyed":false,"errored":null,"closed":false,"closeEmitted":false,"defaultEncoding":"utf8","awaitDrainWriters":null,"multiAwaitDrain":false,"readingMore":false,"decoder":null,"encoding":null,"readable":false},"_events":{},"_eventsCount":3,"_writableState":{"objectMode":false,"highWaterMark":16384,"finalCalled":false,"needDrain":false,"ending":false,"ended":false,"finished":false,"destroyed":false,"decodeStrings":false,"defaultEncoding":"utf8","length":0,"writing":false,"corked":0,"sync":false,"bufferProcessing":false,"writecb":null,"writelen":0,"afterWriteTickInfo":null,"buffered":[],"bufferedIndex":0,"allBuffers":true,"allNoop":true,"pendingcb":0,"prefinished":false,"errorEmitted":false,"emitClose":false,"autoDestroy":false,"errored":null,"closed":false,"closeEmitted":false},"allowHalfOpen":false,"_sockname":null,"_pendingData":null,"_pendingEncoding":"","server":null,"_server":null},{"connecting":false,"_hadError":false,"_parent":null,"_host":null,"_readableState":{"objectMode":false,"highWaterMark":16384,"buffer":{"head":null,"tail":null,"length":0},"length":0,"pipes":[],"flowing":true,"ended":false,"endEmitted":false,"reading":true,"sync":false,"needReadable":true,"emittedReadable":false,"readableListening":false,"resumeScheduled":false,"errorEmitted":false,"emitClose":false,"autoDestroy":false,"destroyed":false,"errored":null,"closed":false,"closeEmitted":false,"defaultEncoding":"utf8","awaitDrainWriters":null,"multiAwaitDrain":false,"readingMore":false,"decoder":null,"encoding":null},"_events":{"close":[null,null]},"_eventsCount":4,"_writableState":{"objectMode":false,"highWaterMark":16384,"finalCalled":false,"needDrain":false,"ending":false,"ended":false,"finished":false,"destroyed":false,"decodeStrings":false,"defaultEncoding":"utf8","length":0,"writing":false,"corked":0,"sync":true,"bufferProcessing":false,"writecb":null,"writelen":0,"afterWriteTickInfo":null,"buffered":[],"bufferedIndex":0,"allBuffers":true,"allNoop":true,"pendingcb":0,"prefinished":false,"errorEmitted":false,"emitClose":false,"autoDestroy":false,"errored":null,"closed":false,"writable":false,"closeEmitted":false},"allowHalfOpen":false,"_sockname":null,"_pendingData":null,"_pendingEncoding":"","server":null,"_server":null},{"connecting":false,"_hadError":false,"_parent":null,"_host":null,"_readableState":{"objectMode":false,"highWaterMark":16384,"buffer":{"head":null,"tail":null,"length":0},"length":0,"pipes":[],"flowing":true,"ended":false,"endEmitted":false,"reading":true,"sync":false,"needReadable":true,"emittedReadable":false,"readableListening":false,"resumeScheduled":false,"errorEmitted":false,"emitClose":false,"autoDestroy":false,"destroyed":false,"errored":null,"closed":false,"closeEmitted":false,"defaultEncoding":"utf8","awaitDrainWriters":null,"multiAwaitDrain":false,"readingMore":false,"decoder":null,"encoding":null},"_events":{},"_eventsCount":3,"_writableState":{"objectMode":false,"highWaterMark":16384,"finalCalled":false,"needDrain":false,"ending":false,"ended":false,"finished":false,"destroyed":false,"decodeStrings":false,"defaultEncoding":"utf8","length":0,"writing":false,"corked":0,"sync":true,"bufferProcessing":false,"writecb":null,"writelen":0,"afterWriteTickInfo":null,"buffered":[],"bufferedIndex":0,"allBuffers":true,"allNoop":true,"pendingcb":0,"prefinished":false,"errorEmitted":false,"emitClose":false,"autoDestroy":false,"errored":null,"closed":false,"writable":false,"closeEmitted":false},"allowHalfOpen":false,"_sockname":null,"_pendingData":null,"_pendingEncoding":"","server":null,"_server":null}]},"out":{"_isScalar":false,"observers":[],"closed":false,"isStopped":false,"hasError":false,"thrownError":null}}
Info 2021-08-31 22:15:33: KernelProcess output: Content-Length: 344
Content-Type: application/vscode-jsonrpc; charset=utf8

{"jsonrpc": "2.0", "method": "log", "params": {"level": "INFO", "msg": "write to stderr: C:\\Python39\\lib\\site-packages\\traitlets\\traitlets.py:2202: FutureWarning: Supporting extra quotes around strings is deprecated in traitlets 5.0. You can use 'hmac-sha256' instead of '\"hmac-sha256\"' if you require traitlets >=5.\r\n", "pid": 15764}}Content-Length: 319
Content-Type: application/vscode-jsonrpc; charset=utf8

{"jsonrpc": "2.0", "method": "output", "params": {"source": "stderr", "out": "C:\\Python39\\lib\\site-packages\\traitlets\\traitlets.py:2202: FutureWarning: Supporting extra quotes around strings is deprecated in traitlets 5.0. You can use 'hmac-sha256' instead of '\"hmac-sha256\"' if you require traitlets >=5.\r\n"}}
Info 2021-08-31 22:15:33: Python Daemon (pid: 15764): write to stderr: C:\Python39\lib\site-packages\traitlets\traitlets.py:2202: FutureWarning: Supporting extra quotes around strings is deprecated in traitlets 5.0. You can use 'hmac-sha256' instead of '"hmac-sha256"' if you require traitlets >=5.

Info 2021-08-31 22:15:33: KernelProcess output: Content-Length: 117
Content-Type: application/vscode-jsonrpc; charset=utf8

{"jsonrpc": "2.0", "method": "log", "params": {"level": "INFO", "msg": "write to stderr:   warn(\r\n", "pid": 15764}}Content-Length: 92
Content-Type: application/vscode-jsonrpc; charset=utf8

{"jsonrpc": "2.0", "method": "output", "params": {"source": "stderr", "out": "  warn(\r\n"}}Content-Length: 356
Content-Type: application/vscode-jsonrpc; charset=utf8

{"jsonrpc": "2.0", "method": "log", "params": {"level": "INFO", "msg": "write to stderr: C:\\Python39\\lib\\site-packages\\traitlets\\traitlets.py:2157: FutureWarning: Supporting extra quotes around Bytes is deprecated in traitlets 5.0. Use '5bc481ce-0961-4d81-af5a-c35bbd76678f' instead of 'b\"5bc481ce-0961-4d81-af5a-c35bbd76678f\"'.\r\n", "pid": 15764}}Content-Length: 331
Content-Type: application/vscode-jsonrpc; charset=utf8

{"jsonrpc": "2.0", "method": "output", "params": {"source": "stderr", "out": "C:\\Python39\\lib\\site-packages\\traitlets\\traitlets.py:2157: FutureWarning: Supporting extra quotes around Bytes is deprecated in traitlets 5.0. Use '5bc481ce-0961-4d81-af5a-c35bbd76678f' instead of 'b\"5bc481ce-0961-4d81-af5a-c35bbd76678f\"'.\r\n"}}Content-Length: 117
Content-Type: application/vscode-jsonrpc; charset=utf8

{"jsonrpc": "2.0", "method": "log", "params": {"level": "INFO", "msg": "write to stderr:   warn(\r\n", "pid": 15764}}Content-Length: 92
Content-Type: application/vscode-jsonrpc; charset=utf8

{"jsonrpc": "2.0", "method": "output", "params": {"source": "stderr", "out": "  warn(\r\n"}}
Warn 2021-08-31 22:15:33: Kernel 15764 as possibly died, StdErr from Kernel Process C:\Python39\lib\site-packages\traitlets\traitlets.py:2202: FutureWarning: Supporting extra quotes around strings is deprecated in traitlets 5.0. You can use 'hmac-sha256' instead of '"hmac-sha256"' if you require traitlets >=5.

Warn 2021-08-31 22:15:33: StdErr from Kernel Process C:\Python39\lib\site-packages\traitlets\traitlets.py:2202: FutureWarning: Supporting extra quotes around strings is deprecated in traitlets 5.0. You can use 'hmac-sha256' instead of '"hmac-sha256"' if you require traitlets >=5.

Info 2021-08-31 22:15:33: Python Daemon (pid: 15764): write to stderr:   warn(

Warn 2021-08-31 22:15:33: Kernel 15764 as possibly died, StdErr from Kernel Process   warn(

Warn 2021-08-31 22:15:33: StdErr from Kernel Process   warn(

Info 2021-08-31 22:15:33: Python Daemon (pid: 15764): write to stderr: C:\Python39\lib\site-packages\traitlets\traitlets.py:2157: FutureWarning: Supporting extra quotes around Bytes is deprecated in traitlets 5.0. Use '5bc481ce-0961-4d81-af5a-c35bbd76678f' instead of 'b"5bc481ce-0961-4d81-af5a-c35bbd76678f"'.

Warn 2021-08-31 22:15:33: Kernel 15764 as possibly died, StdErr from Kernel Process C:\Python39\lib\site-packages\traitlets\traitlets.py:2157: FutureWarning: Supporting extra quotes around Bytes is deprecated in traitlets 5.0. Use '5bc481ce-0961-4d81-af5a-c35bbd76678f' instead of 'b"5bc481ce-0961-4d81-af5a-c35bbd76678f"'.

Warn 2021-08-31 22:15:33: StdErr from Kernel Process C:\Python39\lib\site-packages\traitlets\traitlets.py:2157: FutureWarning: Supporting extra quotes around Bytes is deprecated in traitlets 5.0. Use '5bc481ce-0961-4d81-af5a-c35bbd76678f' instead of 'b"5bc481ce-0961-4d81-af5a-c35bbd76678f"'.

Info 2021-08-31 22:15:33: Python Daemon (pid: 15764): write to stderr:   warn(

Warn 2021-08-31 22:15:33: Kernel 15764 as possibly died, StdErr from Kernel Process   warn(

Warn 2021-08-31 22:15:33: StdErr from Kernel Process   warn(

Info 2021-08-31 22:15:33: Raw session started and connected
Started kernel Python 3.9.5 64-bit
Info 2021-08-31 22:15:33: Initial setup for vscode-interactive:Interactive-1.interactive starting ...
Info 2021-08-31 22:15:33: UpdateWorkingDirectoryAndPath
Info 2021-08-31 22:15:33: Kernel switching to busy
Info 2021-08-31 22:15:34: Kernel switching to idle
Info 2021-08-31 22:15:34: Kernel switching to busy
Info 2021-08-31 22:15:34: Kernel switching to idle
Info 2021-08-31 22:15:34: Initial setup complete for vscode-interactive:Interactive-1.interactive
Info 2021-08-31 22:15:34: Finished connecting 287488ab-32c7-4cca-85ce-dcb84a0d0e5b
Info 2021-08-31 22:15:34: [32mWidget Coordinator sent IPyWidgets_kernelOptions
Info 2021-08-31 22:15:34: [32mPosting message to Notebook UI 
Info 2021-08-31 22:15:34: Registering commtarget jupyter.widget
Info 2021-08-31 22:15:34: IPyWidgetMessageDispatcher.initialize
Info 2021-08-31 22:15:34: [32mWidget Coordinator sent IPyWidgets_mirror_execute
Info 2021-08-31 22:15:34: [32mPosting message to Notebook UI 
Info 2021-08-31 22:15:34: IPyWidgetScriptSource.initialize
Info 2021-08-31 22:15:34: IPyWidgetMessageDispatcher.initialize
Info 2021-08-31 22:15:34: [32mWidget Coordinator sent IPyWidgets_msg
Info 2021-08-31 22:15:34: [32mPosting message to Notebook UI 
Info 2021-08-31 22:15:34: [32mWidget Coordinator sent IPyWidgets_msg
Info 2021-08-31 22:15:34: [32mPosting message to Notebook UI 
Info 2021-08-31 22:15:34: Kernel switching to busy
Info 2021-08-31 22:15:34: Notebook Session status vscode-interactive:Interactive-1.interactive # Busy
Info 2021-08-31 22:15:34: [32mWidget Coordinator received IPyWidgets_registerCommTarget
Info 2021-08-31 22:15:34: [32mWidget Coordinator received IPyWidgets_registerCommTarget
Info 2021-08-31 22:15:34: [32mWidget Coordinator received IPyWidgets_msg_received
Info 2021-08-31 22:15:34: IPyWidgetMessageDispatcher.initialize
Info 2021-08-31 22:15:34: IPyWidgetMessageDispatcher.initialize
Info 2021-08-31 22:15:34: [32mWidget Coordinator received IPyWidgets_msg_received
Info 2021-08-31 22:15:34: [32mWidget Coordinator received IPyWidgets_iopub_msg_handled
Info 2021-08-31 22:15:34: [32mWidget Coordinator received IPyWidgets_msg_received
Info 2021-08-31 22:15:34: [32mWidget Coordinator received IPyWidgets_iopub_msg_handled
Info 2021-08-31 22:15:34: [32mWidget Coordinator sent IPyWidgets_msg
Info 2021-08-31 22:15:34: [32mPosting message to Notebook UI 
Info 2021-08-31 22:15:34: Kernel switching to idle
Info 2021-08-31 22:15:34: Notebook Session status vscode-interactive:Interactive-1.interactive # Idle
Info 2021-08-31 22:15:34: [32mWidget Coordinator sent IPyWidgets_msg
Info 2021-08-31 22:15:34: [32mPosting message to Notebook UI 
Info 2021-08-31 22:15:34: UpdateWorkingDirectoryAndPath
Info 2021-08-31 22:15:34: [32mWidget Coordinator received IPyWidgets_msg_received
Info 2021-08-31 22:15:34: [32mWidget Coordinator received IPyWidgets_iopub_msg_handled
Info 2021-08-31 22:15:34: [32mWidget Coordinator received IPyWidgets_msg_received
Info 2021-08-31 22:15:34: changeDirectoryIfPossible
Info 2021-08-31 22:15:34: [32mWidget Coordinator sent IPyWidgets_mirror_execute
Info 2021-08-31 22:15:34: [32mPosting message to Notebook UI 
Info 2021-08-31 22:15:34: [32mWidget Coordinator received IPyWidgets_msg_received
Info 2021-08-31 22:15:34: [32mWidget Coordinator sent IPyWidgets_msg
Info 2021-08-31 22:15:34: [32mPosting message to Notebook UI 
Info 2021-08-31 22:15:34: [32mWidget Coordinator sent IPyWidgets_msg
Info 2021-08-31 22:15:34: [32mPosting message to Notebook UI 
Info 2021-08-31 22:15:34: Kernel switching to busy
Info 2021-08-31 22:15:34: Notebook Session status vscode-interactive:Interactive-1.interactive # Busy
Info 2021-08-31 22:15:34: [32mWidget Coordinator sent IPyWidgets_msg
Info 2021-08-31 22:15:34: [32mPosting message to Notebook UI 
Info 2021-08-31 22:15:34: [32mWidget Coordinator received IPyWidgets_msg_received
Info 2021-08-31 22:15:34: [32mWidget Coordinator received IPyWidgets_iopub_msg_handled
Info 2021-08-31 22:15:34: [32mWidget Coordinator received IPyWidgets_msg_received
Info 2021-08-31 22:15:34: [32mWidget Coordinator received IPyWidgets_iopub_msg_handled
Info 2021-08-31 22:15:34: [32mWidget Coordinator received IPyWidgets_msg_received
Info 2021-08-31 22:15:34: [32mWidget Coordinator received IPyWidgets_iopub_msg_handled
Info 2021-08-31 22:15:34: [32mWidget Coordinator sent IPyWidgets_msg
Info 2021-08-31 22:15:34: [32mPosting message to Notebook UI 
Info 2021-08-31 22:15:34: [32mWidget Coordinator sent IPyWidgets_msg
Info 2021-08-31 22:15:34: [32mPosting message to Notebook UI 
Info 2021-08-31 22:15:34: Kernel switching to idle
Info 2021-08-31 22:15:34: Notebook Session status vscode-interactive:Interactive-1.interactive # Idle
Info 2021-08-31 22:15:34: [32mWidget Coordinator sent IPyWidgets_mirror_execute
Info 2021-08-31 22:15:34: [32mPosting message to Notebook UI 
Info 2021-08-31 22:15:34: [32mWidget Coordinator received IPyWidgets_msg_received
Info 2021-08-31 22:15:34: [32mWidget Coordinator received IPyWidgets_msg_received
Info 2021-08-31 22:15:34: [32mWidget Coordinator received IPyWidgets_iopub_msg_handled
Info 2021-08-31 22:15:34: [32mWidget Coordinator received IPyWidgets_msg_received
Info 2021-08-31 22:15:34: [32mWidget Coordinator sent IPyWidgets_msg
Info 2021-08-31 22:15:34: [32mPosting message to Notebook UI 
Info 2021-08-31 22:15:34: [32mWidget Coordinator sent IPyWidgets_msg
Info 2021-08-31 22:15:34: [32mPosting message to Notebook UI 
Info 2021-08-31 22:15:34: Kernel switching to busy
Info 2021-08-31 22:15:34: Notebook Session status vscode-interactive:Interactive-1.interactive # Busy
Info 2021-08-31 22:15:34: [32mWidget Coordinator received IPyWidgets_msg_received
Info 2021-08-31 22:15:34: [32mWidget Coordinator received IPyWidgets_iopub_msg_handled
Info 2021-08-31 22:15:34: [32mWidget Coordinator received IPyWidgets_msg_received
Info 2021-08-31 22:15:34: [32mWidget Coordinator received IPyWidgets_iopub_msg_handled
Info 2021-08-31 22:15:34: [32mWidget Coordinator sent IPyWidgets_msg
Info 2021-08-31 22:15:34: [32mPosting message to Notebook UI 
Info 2021-08-31 22:15:34: Kernel switching to idle
Info 2021-08-31 22:15:34: Notebook Session status vscode-interactive:Interactive-1.interactive # Idle
Info 2021-08-31 22:15:34: [32mWidget Coordinator sent IPyWidgets_msg
Info 2021-08-31 22:15:34: [32mPosting message to Notebook UI 
Info 2021-08-31 22:15:34: [32mWidget Coordinator received IPyWidgets_msg_received
Info 2021-08-31 22:15:34: [32mWidget Coordinator received IPyWidgets_iopub_msg_handled
Info 2021-08-31 22:15:34: Waiting for idle on (kernel): dfae08de-115e-4835-9a2a-0ef8efbc92cc -> idle
Info 2021-08-31 22:15:34: Finished waiting for idle on (kernel): dfae08de-115e-4835-9a2a-0ef8efbc92cc -> idle
Info 2021-08-31 22:15:34: [32mWidget Coordinator received IPyWidgets_msg_received
Info 2021-08-31 22:15:34: UpdateWorkingDirectoryAndPath
Info 2021-08-31 22:15:34: [32mWidget Coordinator sent IPyWidgets_mirror_execute
Info 2021-08-31 22:15:34: [32mPosting message to Notebook UI 
Info 2021-08-31 22:15:34: [32mWidget Coordinator sent IPyWidgets_msg
Info 2021-08-31 22:15:34: [32mPosting message to Notebook UI 
Info 2021-08-31 22:15:34: [32mWidget Coordinator sent IPyWidgets_msg
Info 2021-08-31 22:15:34: [32mPosting message to Notebook UI 
Info 2021-08-31 22:15:34: Kernel switching to busy
Info 2021-08-31 22:15:34: Notebook Session status vscode-interactive:Interactive-1.interactive # Busy
Info 2021-08-31 22:15:34: [32mWidget Coordinator sent IPyWidgets_msg
Info 2021-08-31 22:15:34: [32mPosting message to Notebook UI 
Info 2021-08-31 22:15:34: Kernel switching to idle
Info 2021-08-31 22:15:34: Notebook Session status vscode-interactive:Interactive-1.interactive # Idle
Info 2021-08-31 22:15:34: [32mWidget Coordinator sent IPyWidgets_msg
Info 2021-08-31 22:15:34: [32mPosting message to Notebook UI 
Info 2021-08-31 22:15:34: Adding hash for 1 = 8b91af6d7458 with 16 lines
Info 2021-08-31 22:15:34: [32mWidget Coordinator sent IPyWidgets_mirror_execute
Info 2021-08-31 22:15:34: [32mPosting message to Notebook UI 
Info 2021-08-31 22:15:34: [32mWidget Coordinator sent IPyWidgets_msg
Info 2021-08-31 22:15:34: [32mPosting message to Notebook UI 
Info 2021-08-31 22:15:34: [32mWidget Coordinator sent IPyWidgets_msg
Info 2021-08-31 22:15:34: [32mPosting message to Notebook UI 
Info 2021-08-31 22:15:34: Kernel switching to busy
Info 2021-08-31 22:15:34: [32mWidget Coordinator sent IPyWidgets_msg
Info 2021-08-31 22:15:34: [32mPosting message to Notebook UI 
Info 2021-08-31 22:15:34: Notebook Session status vscode-interactive:Interactive-1.interactive # Busy
Info 2021-08-31 22:15:34: [32mWidget Coordinator sent IPyWidgets_msg
Info 2021-08-31 22:15:34: [32mPosting message to Notebook UI 
Info 2021-08-31 22:15:34: Kernel switching to idle
Info 2021-08-31 22:15:34: Notebook Session status vscode-interactive:Interactive-1.interactive # Idle
Info 2021-08-31 22:15:34: [32mWidget Coordinator sent IPyWidgets_msg
Info 2021-08-31 22:15:34: [32mPosting message to Notebook UI 
Info 2021-08-31 22:15:34: Finished execution for d041003f-db46-44ea-a21f-94028eebca0b
Info 2021-08-31 22:15:34: [32mWidget Coordinator received IPyWidgets_msg_received
Info 2021-08-31 22:15:34: [32mWidget Coordinator received IPyWidgets_msg_received
Info 2021-08-31 22:15:34: [32mWidget Coordinator received IPyWidgets_iopub_msg_handled
Info 2021-08-31 22:15:34: [32mWidget Coordinator received IPyWidgets_msg_received
Info 2021-08-31 22:15:34: [32mWidget Coordinator received IPyWidgets_iopub_msg_handled
Info 2021-08-31 22:15:34: [32mWidget Coordinator received IPyWidgets_msg_received
Info 2021-08-31 22:15:34: [32mWidget Coordinator received IPyWidgets_iopub_msg_handled
Info 2021-08-31 22:15:34: [32mWidget Coordinator received IPyWidgets_msg_received
Info 2021-08-31 22:15:34: [32mWidget Coordinator received IPyWidgets_msg_received
Info 2021-08-31 22:15:34: [32mWidget Coordinator received IPyWidgets_msg_received
Info 2021-08-31 22:15:34: [32mWidget Coordinator received IPyWidgets_iopub_msg_handled
Info 2021-08-31 22:15:34: [32mWidget Coordinator received IPyWidgets_msg_received
Info 2021-08-31 22:15:34: [32mWidget Coordinator received IPyWidgets_iopub_msg_handled
Info 2021-08-31 22:15:34: [32mWidget Coordinator received IPyWidgets_msg_received
Info 2021-08-31 22:15:34: [32mWidget Coordinator received IPyWidgets_iopub_msg_handled
Info 2021-08-31 22:15:34: [32mWidget Coordinator received IPyWidgets_msg_received
Info 2021-08-31 22:15:34: [32mWidget Coordinator received IPyWidgets_iopub_msg_handled
Info 2021-08-31 22:15:34: [32mWidget Coordinator received IPyWidgets_msg_received
Info 2021-08-31 22:15:46: Execute Cells request 1 2
Info 2021-08-31 22:15:46: Execute Cell 2 vscode-interactive:Interactive-1.interactive
Info 2021-08-31 22:15:46: Cell Index:2, state:undefined, exec: undefined. User queued cell for execution
Info 2021-08-31 22:15:46: Cell Index:2, state:undefined, exec: undefined. Ready to execute
Info 2021-08-31 22:15:46: Cell Index:2, state:undefined, exec: undefined. Before Execute individual cell
Info 2021-08-31 22:15:46: Cell Index:2, state:undefined, exec: undefined. Start execution
Info 2021-08-31 22:15:46: Cell Index:2, state:3, exec: undefined. Send code for execution
Info 2021-08-31 22:15:46: Cell Index:2, state:3, exec: undefined. Wait for jupyter execution
Info 2021-08-31 22:15:46: [32mWidget Coordinator sent IPyWidgets_mirror_execute
Info 2021-08-31 22:15:46: [32mPosting message to Notebook UI 
Info 2021-08-31 22:15:46: [32mWidget Coordinator received IPyWidgets_msg_received
Info 2021-08-31 22:15:46: [32mWidget Coordinator sent IPyWidgets_msg
Info 2021-08-31 22:15:46: [32mPosting message to Notebook UI 
Info 2021-08-31 22:15:46: [32mWidget Coordinator sent IPyWidgets_msg
Info 2021-08-31 22:15:46: [32mPosting message to Notebook UI 
Info 2021-08-31 22:15:46: Cell Index:2, state:3, exec: undefined. Kernel switching to busy
Info 2021-08-31 22:15:46: [32mWidget Coordinator sent IPyWidgets_msg
Info 2021-08-31 22:15:46: [32mPosting message to Notebook UI 
Info 2021-08-31 22:15:46: Notebook Session status vscode-interactive:Interactive-1.interactive # Busy
Info 2021-08-31 22:15:46: Cell Index:2, state:3, exec: undefined. Update streamed output
Info 2021-08-31 22:15:46: [32mWidget Coordinator sent IPyWidgets_msg
Info 2021-08-31 22:15:46: [32mPosting message to Notebook UI 
Info 2021-08-31 22:15:46: [32mWidget Coordinator sent IPyWidgets_msg
Info 2021-08-31 22:15:46: [32mPosting message to Notebook UI 
Info 2021-08-31 22:15:46: [32mWidget Coordinator received IPyWidgets_msg_received
Info 2021-08-31 22:15:46: [32mWidget Coordinator received IPyWidgets_iopub_msg_handled
Info 2021-08-31 22:15:46: [32mWidget Coordinator received IPyWidgets_msg_received
Info 2021-08-31 22:15:46: [32mWidget Coordinator received IPyWidgets_iopub_msg_handled
Info 2021-08-31 22:15:46: [32mWidget Coordinator received IPyWidgets_msg_received
Info 2021-08-31 22:15:46: [32mWidget Coordinator received IPyWidgets_iopub_msg_handled
Info 2021-08-31 22:15:46: [32mWidget Coordinator received IPyWidgets_msg_received
Info 2021-08-31 22:15:46: [32mWidget Coordinator received IPyWidgets_iopub_msg_handled
Info 2021-08-31 22:15:46: [32mWidget Coordinator received IPyWidgets_msg_received
Info 2021-08-31 22:15:46: Cell Index:2, state:3, exec: 2. Kernel switching to idle
Info 2021-08-31 22:15:46: Notebook Session status vscode-interactive:Interactive-1.interactive # Idle
Info 2021-08-31 22:15:46: Cell Index:2, state:3, exec: 2. Jupyter execution completed
Info 2021-08-31 22:15:46: Cell Index:2, state:3, exec: 2. Completed successfully
Info 2021-08-31 22:15:46: Cell Index:2, state:3, exec: 2. Completed successfully & resolving
Info 2021-08-31 22:15:46: Cell Index:2, state:3, exec: 2. After Execute individual cell 3
Info 2021-08-31 22:15:46: Cell Index:2, state:3, exec: 2. Executed successfully in executeCell
Info 2021-08-31 22:15:46: Cell Index:2, state:3, exec: 2. Execution disposed
Info 2021-08-31 22:16:22: Kernel got disposed as a result of notebook.onDisposed vscode-interactive:Interactive-1.interactive
Info 2021-08-31 22:16:22: Kernel got disposed, hence there is no longer a kernel associated with vscode-interactive:Interactive-1.interactive vscode-interactive:Interactive-1.interactive
Info 2021-08-31 22:16:22: Shutting down session vscode-interactive:Interactive-1.interactive
Info 2021-08-31 22:16:22: Shutdown session - current session
Info 2021-08-31 22:16:22: shutdownSession dfae08de-115e-4835-9a2a-0ef8efbc92cc, .jvsc74a57bd063fd5069d213b44bf678585dea6b12cceca9941eaf7f819626cde1f2670de90d.C:\Python39\python.exe.C:\Python39\python.exe.-m#ipykernel_launcher - start
Info 2021-08-31 22:16:22: Session can be shutdown .jvsc74a57bd063fd5069d213b44bf678585dea6b12cceca9941eaf7f819626cde1f2670de90d.C:\Python39\python.exe.C:\Python39\python.exe.-m#ipykernel_launcher
Info 2021-08-31 22:16:22: Dispose Kernel process
Info 2021-08-31 22:16:22: kill daemon
Info 2021-08-31 22:16:22: Notebook Closed vscode-interactive:Interactive-1.interactive
Info 2021-08-31 22:16:22: Closing interactive window: 
Info 2021-08-31 22:16:22: Cancel pending cells
Info 2021-08-31 22:16:22: KernelProcess output: Content-Length: 132
Content-Type: application/vscode-jsonrpc; charset=utf8

{"jsonrpc": "2.0", "method": "log", "params": {"level": "INFO", "msg": "Execute rpc method kill_kernel in DS Daemon", "pid": 15764}}Content-Length: 149
Content-Type: application/vscode-jsonrpc; charset=utf8

{"jsonrpc": "2.0", "method": "log", "params": {"level": "INFO", "msg": "Execute rpc method kill_kernel from C:\\Python39\\python.exe", "pid": 15764}}Content-Length: 129
Content-Type: application/vscode-jsonrpc; charset=utf8

{"jsonrpc": "2.0", "method": "log", "params": {"level": "INFO", "msg": "Kill kernel in DS Kernel Launcher Daemon", "pid": 15764}}Content-Length: 140
Content-Type: application/vscode-jsonrpc; charset=utf8

{"jsonrpc": "2.0", "method": "log", "params": {"level": "INFO", "msg": "Kill kernel in DS Kernel Launcher Daemon, pid 14816", "pid": 15764}}
Info 2021-08-31 22:16:22: Python Daemon (pid: 15764): Execute rpc method kill_kernel in DS Daemon
Info 2021-08-31 22:16:22: KernelProcess output: Content-Length: 43
Content-Type: application/vscode-jsonrpc; charset=utf8

{"jsonrpc": "2.0", "id": 2, "result": null}
Info 2021-08-31 22:16:22: Python Daemon (pid: 15764): Execute rpc method kill_kernel from C:\Python39\python.exe
Info 2021-08-31 22:16:22: Python Daemon (pid: 15764): Kill kernel in DS Kernel Launcher Daemon
Info 2021-08-31 22:16:22: Python Daemon (pid: 15764): Kill kernel in DS Kernel Launcher Daemon, pid 14816
Info 2021-08-31 22:16:22: Dispose Kernel process
Info 2021-08-31 22:16:22: shutdownSession dfae08de-115e-4835-9a2a-0ef8efbc92cc, .jvsc74a57bd063fd5069d213b44bf678585dea6b12cceca9941eaf7f819626cde1f2670de90d.C:\Python39\python.exe.C:\Python39\python.exe.-m#ipykernel_launcher - shutdown complete
Info 2021-08-31 22:16:22: Dispose Kernel process
Info 2021-08-31 22:16:22: Shutdown session - get restart session
Info 2021-08-31 22:16:22: Shutdown session -- complete
Info 2021-08-31 22:16:22: KernelProcess Exit Exit - undefined 
Info 2021-08-31 22:16:44: Shutting down notebooks for 287488ab-32c7-4cca-85ce-dcb84a0d0e5b
Info 2021-08-31 22:16:44: Disposing HostJupyterExecution 606a3ddd-9c07-4cf4-a11a-f85bf9e9b476
Info 2021-08-31 22:16:44: Disposing super HostJupyterExecution 606a3ddd-9c07-4cf4-a11a-f85bf9e9b476
Info 2021-08-31 22:16:44: Dispose kernel vscode-interactive:Interactive-1.interactive
Info 2021-08-31 22:16:44: Dispose kernel vscode-interactive:Interactive-1.interactive
Info 2021-08-31 22:16:44: Disposing HostJupyterExecution 606a3ddd-9c07-4cf4-a11a-f85bf9e9b476
Info 2021-08-31 22:16:44: Finished disposing HostJupyterExecution  606a3ddd-9c07-4cf4-a11a-f85bf9e9b476
Info 2021-08-31 22:16:44: Closing interactive window: 
Info 2021-08-31 22:16:44: Dispose kernel vscode-interactive:Interactive-1.interactive
Info 2021-08-31 22:16:44: Closing interactive window: 
Info 2021-08-31 22:16:44: Disposing HostJupyterExecution 606a3ddd-9c07-4cf4-a11a-f85bf9e9b476
Info 2021-08-31 22:16:44: Finished disposing HostJupyterExecution  606a3ddd-9c07-4cf4-a11a-f85bf9e9b476
Info 2021-08-31 22:16:44: Getting live share API during dispose HostJupyterExecution 606a3ddd-9c07-4cf4-a11a-f85bf9e9b476
Info 2021-08-31 22:16:44: Detaching HostJupyterExecution 606a3ddd-9c07-4cf4-a11a-f85bf9e9b476
Info 2021-08-31 22:16:44: Cleaning up server cache 606a3ddd-9c07-4cf4-a11a-f85bf9e9b476
Info 2021-08-31 22:16:45: Finished disposing HostJupyterExecution  606a3ddd-9c07-4cf4-a11a-f85bf9e9b476
