[2021-08-31 22:17:27.010] [sharedprocess] [info] WSL is not installed, so could not detect WSL profiles
[2021-08-31 22:17:28.740] [sharedprocess] [info] WSL is not installed, so could not detect WSL profiles
[2021-08-31 22:17:36.711] [sharedprocess] [info] [logs cleanup]: Starting to clean up old logs.
[2021-08-31 22:17:37.227] [sharedprocess] [info] WSL is not installed, so could not detect WSL profiles
[2021-08-31 22:17:39.219] [sharedprocess] [info] WSL is not installed, so could not detect WSL profiles
[2021-08-31 22:17:56.719] [sharedprocess] [info] [code cache cleanup]: Starting to clean up old code cache folders.
[2021-08-31 22:17:56.727] [sharedprocess] [info] [storage cleanup]: Starting to clean up storage folders.
[2021-08-31 22:17:56.727] [sharedprocess] [info] [storage cleanup]: Deleting storage folder 1630465768835.
[2021-08-31 22:17:56.727] [sharedprocess] [info] [storage cleanup]: Deleting storage folder 1630466211069.
[2021-08-31 22:18:06.704] [sharedprocess] [info] [language pack cache cleanup]: Starting to clean up unused language packs.
[2021-08-31 22:18:06.709] [sharedprocess] [info] [language pack cache cleanup]: Skipping folder 7450e74c1d98800c7de6b9750cf2e1ce.es. Language pack still in use.
[2021-08-31 22:18:17.057] [sharedprocess] [info] WSL is not installed, so could not detect WSL profiles
[2021-08-31 22:18:19.010] [sharedprocess] [info] WSL is not installed, so could not detect WSL profiles
[2021-08-31 22:18:21.689] [sharedprocess] [info] WSL is not installed, so could not detect WSL profiles
[2021-08-31 22:18:23.690] [sharedprocess] [info] WSL is not installed, so could not detect WSL profiles
[2021-08-31 22:21:04.862] [sharedprocess] [info] Installing extension: giyyapan.pyformat
[2021-08-31 22:21:06.333] [sharedprocess] [info] Downloaded extension: giyyapan.pyformat c:\Users\maxo2\Documents\VSC-PROFILES\python\CachedExtensionVSIXs\giyyapan.pyformat-1.0.2
[2021-08-31 22:21:06.426] [sharedprocess] [info] Extracted extension to C:\Users\maxo2\Documents\VSC-PROFILES\python\.6e1df211-bb14-42bf-bba2-605c1789265b: giyyapan.pyformat
[2021-08-31 22:21:06.435] [sharedprocess] [info] Renamed to C:\Users\maxo2\Documents\VSC-PROFILES\python\giyyapan.pyformat-1.0.2
[2021-08-31 22:21:06.446] [sharedprocess] [info] Extracting completed. giyyapan.pyformat
[2021-08-31 22:21:06.448] [sharedprocess] [info] Extension installed successfully: giyyapan.pyformat
[2021-08-31 22:21:06.585] [sharedprocess] [info] WSL is not installed, so could not detect WSL profiles
[2021-08-31 22:21:08.579] [sharedprocess] [info] WSL is not installed, so could not detect WSL profiles
[2021-08-31 22:21:46.366] [sharedprocess] [info] Uninstalling extension: giyyapan.pyformat
[2021-08-31 22:21:46.609] [sharedprocess] [info] Successfully uninstalled extension: giyyapan.pyformat
[2021-08-31 22:21:47.841] [sharedprocess] [info] WSL is not installed, so could not detect WSL profiles
[2021-08-31 22:21:48.760] [sharedprocess] [info] WSL is not installed, so could not detect WSL profiles
[2021-08-31 22:21:50.682] [sharedprocess] [info] WSL is not installed, so could not detect WSL profiles
[2021-08-31 22:21:52.688] [sharedprocess] [info] WSL is not installed, so could not detect WSL profiles
