[2021-08-31 21:31:34.987] [sharedprocess] [info] WSL is not installed, so could not detect WSL profiles
[2021-08-31 21:31:36.808] [sharedprocess] [info] WSL is not installed, so could not detect WSL profiles
[2021-08-31 21:31:44.740] [sharedprocess] [info] [logs cleanup]: Starting to clean up old logs.
[2021-08-31 21:31:48.407] [sharedprocess] [info] Installing extension: ms-python.python
[2021-08-31 21:31:49.642] [sharedprocess] [info] Installing extension: ms-toolsai.jupyter
[2021-08-31 21:31:49.643] [sharedprocess] [info] Installing extension: ms-python.vscode-pylance
[2021-08-31 21:31:54.606] [sharedprocess] [info] Downloaded extension: ms-python.python c:\Users\maxo2\Documents\VSC-PROFILES\python\CachedExtensionVSIXs\ms-python.python-2021.8.1159798656
[2021-08-31 21:31:55.540] [sharedprocess] [info] Downloaded extension: ms-toolsai.jupyter c:\Users\maxo2\Documents\VSC-PROFILES\python\CachedExtensionVSIXs\ms-toolsai.jupyter-2021.8.1236758218
[2021-08-31 21:31:56.416] [sharedprocess] [info] Extracted extension to C:\Users\maxo2\Documents\VSC-PROFILES\python\.e55bfba5-87ec-4659-a2e6-bc8c45f429c6: ms-toolsai.jupyter
[2021-08-31 21:31:56.430] [sharedprocess] [info] Renamed to C:\Users\maxo2\Documents\VSC-PROFILES\python\ms-toolsai.jupyter-2021.8.1236758218
[2021-08-31 21:31:56.437] [sharedprocess] [info] Extracting completed. ms-toolsai.jupyter
[2021-08-31 21:31:58.803] [sharedprocess] [info] Extracted extension to C:\Users\maxo2\Documents\VSC-PROFILES\python\.f5d46f72-6f8c-4a81-9139-5cf91513ab97: ms-python.python
[2021-08-31 21:31:58.819] [sharedprocess] [info] Renamed to C:\Users\maxo2\Documents\VSC-PROFILES\python\ms-python.python-2021.8.1159798656
[2021-08-31 21:31:58.826] [sharedprocess] [info] Extracting completed. ms-python.python
[2021-08-31 21:32:02.004] [sharedprocess] [info] Downloaded extension: ms-python.vscode-pylance c:\Users\maxo2\Documents\VSC-PROFILES\python\CachedExtensionVSIXs\ms-python.vscode-pylance-2021.8.3
[2021-08-31 21:32:04.732] [sharedprocess] [info] [code cache cleanup]: Starting to clean up old code cache folders.
[2021-08-31 21:32:04.733] [sharedprocess] [info] [storage cleanup]: Starting to clean up storage folders.
[2021-08-31 21:32:05.357] [sharedprocess] [info] Extracted extension to C:\Users\maxo2\Documents\VSC-PROFILES\python\.90642f20-2258-4d12-8a4d-fea48a897d45: ms-python.vscode-pylance
[2021-08-31 21:32:05.374] [sharedprocess] [info] Renamed to C:\Users\maxo2\Documents\VSC-PROFILES\python\ms-python.vscode-pylance-2021.8.3
[2021-08-31 21:32:05.381] [sharedprocess] [info] Extracting completed. ms-python.vscode-pylance
[2021-08-31 21:32:05.385] [sharedprocess] [info] Extension installed successfully: ms-toolsai.jupyter
[2021-08-31 21:32:05.385] [sharedprocess] [info] Extension installed successfully: ms-python.python
[2021-08-31 21:32:05.386] [sharedprocess] [info] Extension installed successfully: ms-python.vscode-pylance
[2021-08-31 21:32:14.739] [sharedprocess] [info] [language pack cache cleanup]: Starting to clean up unused language packs.
[2021-08-31 21:45:18.814] [sharedprocess] [info] WSL is not installed, so could not detect WSL profiles
[2021-08-31 21:45:20.770] [sharedprocess] [info] WSL is not installed, so could not detect WSL profiles
[2021-08-31 21:45:30.773] [sharedprocess] [info] Installing extension: ms-ceintl.vscode-language-pack-es
[2021-08-31 21:45:31.784] [sharedprocess] [info] Downloaded extension: ms-ceintl.vscode-language-pack-es c:\Users\maxo2\Documents\VSC-PROFILES\python\CachedExtensionVSIXs\ms-ceintl.vscode-language-pack-es-1.59.3
[2021-08-31 21:45:31.934] [sharedprocess] [info] Extracted extension to C:\Users\maxo2\Documents\VSC-PROFILES\python\.3951f87c-fbdb-4c02-a516-7b59fb8698f7: ms-ceintl.vscode-language-pack-es
[2021-08-31 21:45:31.943] [sharedprocess] [info] Renamed to C:\Users\maxo2\Documents\VSC-PROFILES\python\ms-ceintl.vscode-language-pack-es-1.59.3
[2021-08-31 21:45:31.949] [sharedprocess] [info] Extracting completed. ms-ceintl.vscode-language-pack-es
[2021-08-31 21:45:31.950] [sharedprocess] [info] Adding language packs from the extension ms-ceintl.vscode-language-pack-es
[2021-08-31 21:45:31.996] [sharedprocess] [info] Extension installed successfully: ms-ceintl.vscode-language-pack-es
