["INFO" - 21:50:12] Extension Name: esbenp.prettier-vscode.
["INFO" - 21:50:12] Extension Version: 8.1.0.
["INFO" - 21:50:35] Formatting c:\Users\maxo2\Documents\VSC-PROFILES\react\User\settings.json
["INFO" - 21:50:35] File Info:
{
  "ignored": false,
  "inferredParser": "json"
}
["INFO" - 21:50:35] No local configuration (i.e. .prettierrc or .editorconfig) detected, falling back to VS Code configuration
["INFO" - 21:50:35] Prettier Options:
{
  "arrowParens": "always",
  "bracketSpacing": true,
  "endOfLine": "lf",
  "htmlWhitespaceSensitivity": "css",
  "insertPragma": false,
  "jsxBracketSameLine": false,
  "jsxSingleQuote": false,
  "printWidth": 80,
  "proseWrap": "preserve",
  "quoteProps": "as-needed",
  "requirePragma": false,
  "semi": true,
  "singleQuote": false,
  "tabWidth": 2,
  "trailingComma": "es5",
  "useTabs": false,
  "vueIndentScriptAndStyle": false,
  "filepath": "c:\\Users\\maxo2\\Documents\\VSC-PROFILES\\react\\User\\settings.json",
  "parser": "json"
}
["INFO" - 21:50:35] Formatting completed in 125.589ms.
